
bb_init()
    bb_fullpath:  rootdir = "/root/hsm_fuse/example/rootdir", path = "/", fpath = "/root/hsm_fuse/example/rootdir/"
    bb_fullpath:  rootdir = "/root/hsm_fuse/example/rootdir", path = "/", fpath = "/root/hsm_fuse/example/rootdir/"

bb_access(path="/", mask=01)
    bb_fullpath:  rootdir = "/root/hsm_fuse/example/rootdir", path = "/", fpath = "/root/hsm_fuse/example/rootdir/"

bb_opendir(path="/", fi=0x28b2dd70)
    bb_fullpath:  rootdir = "/root/hsm_fuse/example/rootdir", path = "/", fpath = "/root/hsm_fuse/example/rootdir/"
    flags = 0x00098800
    fh_old = 0x00000000
    writepage = 0
    direct_io = 0
    keep_cache = 0
    fh = 0x00007f871c000b20
    lock_owner = 0x0000000000000000

bb_readdir(path="/", buf=0x1c000990, filler=0x2e1b7de0, offset=0, fi=0x2932ed70)
calling filler with name bogus.txt
calling filler with name asdlasjdla
calling filler with name ..
calling filler with name hello.txt
calling filler with name abcd.txt
calling filler with name .
    flags = 0x00000000
    fh_old = 0x7f871c000b20
    writepage = 0
    direct_io = 0
    keep_cache = 0
    fh = 0x00007f871c000b20
    lock_owner = 0x0000000000000000
    bb_fullpath:  rootdir = "/root/hsm_fuse/example/rootdir", path = "/bogus.txt", fpath = "/root/hsm_fuse/example/rootdir/bogus.txt"
    bb_fullpath:  rootdir = "/root/hsm_fuse/example/rootdir", path = "/asdlasjdla", fpath = "/root/hsm_fuse/example/rootdir/asdlasjdla"
    bb_fullpath:  rootdir = "/root/hsm_fuse/example/rootdir", path = "/hello.txt", fpath = "/root/hsm_fuse/example/rootdir/hello.txt"
    bb_fullpath:  rootdir = "/root/hsm_fuse/example/rootdir", path = "/abcd.txt", fpath = "/root/hsm_fuse/example/rootdir/abcd.txt"

bb_releasedir(path="/", fi=0x2932ed80)
    flags = 0x00000000
    fh_old = 0x7f871c000b20
    writepage = 0
    direct_io = 0
    keep_cache = 0
    fh = 0x00007f871c000b20
    lock_owner = 0x0000000000000000

bb_opendir(path="/", fi=0x28b2dd70)
    bb_fullpath:  rootdir = "/root/hsm_fuse/example/rootdir", path = "/", fpath = "/root/hsm_fuse/example/rootdir/"
    flags = 0x00098800
    fh_old = 0x00000000
    writepage = 0
    direct_io = 0
    keep_cache = 0
    fh = 0x00007f871c000b20
    lock_owner = 0x0000000000000000

bb_readdir(path="/", buf=0x1c000990, filler=0x2e1b7de0, offset=0, fi=0x2932ed70)
calling filler with name bogus.txt
calling filler with name asdlasjdla
calling filler with name ..
calling filler with name hello.txt
calling filler with name abcd.txt
calling filler with name .
    flags = 0x00000000
    fh_old = 0x7f871c000b20
    writepage = 0
    direct_io = 0
    keep_cache = 0
    fh = 0x00007f871c000b20
    lock_owner = 0x0000000000000000

bb_releasedir(path="/", fi=0x2932ed80)
    flags = 0x00000000
    fh_old = 0x7f871c000b20
    writepage = 0
    direct_io = 0
    keep_cache = 0
    fh = 0x00007f871c000b20
    lock_owner = 0x0000000000000000

bb_opendir(path="/", fi=0x28b2dd70)
    bb_fullpath:  rootdir = "/root/hsm_fuse/example/rootdir", path = "/", fpath = "/root/hsm_fuse/example/rootdir/"
    flags = 0x00098800
    fh_old = 0x00000000
    writepage = 0
    direct_io = 0
    keep_cache = 0
    fh = 0x00007f871c000b20
    lock_owner = 0x0000000000000000

bb_readdir(path="/", buf=0x1c000990, filler=0x2e1b7de0, offset=0, fi=0x2932ed70)
calling filler with name bogus.txt
calling filler with name asdlasjdla
calling filler with name ..
calling filler with name hello.txt
calling filler with name abcd.txt
calling filler with name .
    flags = 0x00000000
    fh_old = 0x7f871c000b20
    writepage = 0
    direct_io = 0
    keep_cache = 0
    fh = 0x00007f871c000b20
    lock_owner = 0x0000000000000000

bb_releasedir(path="/", fi=0x2932ed80)
    flags = 0x00000000
    fh_old = 0x7f871c000b20
    writepage = 0
    direct_io = 0
    keep_cache = 0
    fh = 0x00007f871c000b20
    lock_owner = 0x0000000000000000

bb_opendir(path="/", fi=0x28b2dd70)
    bb_fullpath:  rootdir = "/root/hsm_fuse/example/rootdir", path = "/", fpath = "/root/hsm_fuse/example/rootdir/"
    flags = 0x00098800
    fh_old = 0x00000000
    writepage = 0
    direct_io = 0
    keep_cache = 0
    fh = 0x00007f871c000b20
    lock_owner = 0x0000000000000000

bb_readdir(path="/", buf=0x1c000990, filler=0x2e1b7de0, offset=0, fi=0x2932ed70)
calling filler with name bogus.txt
calling filler with name asdlasjdla
calling filler with name ..
calling filler with name hello.txt
calling filler with name abcd.txt
calling filler with name .
    flags = 0x00000000
    fh_old = 0x7f871c000b20
    writepage = 0
    direct_io = 0
    keep_cache = 0
    fh = 0x00007f871c000b20
    lock_owner = 0x0000000000000000

bb_releasedir(path="/", fi=0x2932ed80)
    flags = 0x00000000
    fh_old = 0x7f871c000b20
    writepage = 0
    direct_io = 0
    keep_cache = 0
    fh = 0x00007f871c000b20
    lock_owner = 0x0000000000000000
    bb_fullpath:  rootdir = "/root/hsm_fuse/example/rootdir", path = "/abcd.txt", fpath = "/root/hsm_fuse/example/rootdir/abcd.txt"

bb_opendir(path="/", fi=0x2932ed70)
    bb_fullpath:  rootdir = "/root/hsm_fuse/example/rootdir", path = "/", fpath = "/root/hsm_fuse/example/rootdir/"
    flags = 0x00098800
    fh_old = 0x00000000
    writepage = 0
    direct_io = 0
    keep_cache = 0
    fh = 0x00007f8724001180
    lock_owner = 0x0000000000000000

bb_readdir(path="/", buf=0x24000b00, filler=0x2e1b7de0, offset=0, fi=0x28b2dd70)
calling filler with name bogus.txt
calling filler with name asdlasjdla
calling filler with name ..
calling filler with name hello.txt
calling filler with name abcd.txt
calling filler with name .
    flags = 0x00000000
    fh_old = 0x7f8724001180
    writepage = 0
    direct_io = 0
    keep_cache = 0
    fh = 0x00007f8724001180
    lock_owner = 0x0000000000000000

bb_releasedir(path="/", fi=0x28b2dd80)
    flags = 0x00000000
    fh_old = 0x7f8724001180
    writepage = 0
    direct_io = 0
    keep_cache = 0
    fh = 0x00007f8724001180
    lock_owner = 0x0000000000000000
bb_unlink(path="/abcd.txt")
    bb_fullpath:  rootdir = "/root/hsm_fuse/example/rootdir", path = "/abcd.txt", fpath = "/root/hsm_fuse/example/rootdir/abcd.txt"

bb_opendir(path="/", fi=0x2932ed70)
    bb_fullpath:  rootdir = "/root/hsm_fuse/example/rootdir", path = "/", fpath = "/root/hsm_fuse/example/rootdir/"
    flags = 0x00098800
    fh_old = 0x00000000
    writepage = 0
    direct_io = 0
    keep_cache = 0
    fh = 0x00007f87240273d0
    lock_owner = 0x0000000000000000

bb_readdir(path="/", buf=0x240010d0, filler=0x2e1b7de0, offset=0, fi=0x28b2dd70)
calling filler with name bogus.txt
calling filler with name asdlasjdla
calling filler with name ..
calling filler with name hello.txt
calling filler with name .
    flags = 0x00000000
    fh_old = 0x7f87240273d0
    writepage = 0
    direct_io = 0
    keep_cache = 0
    fh = 0x00007f87240273d0
    lock_owner = 0x0000000000000000

bb_releasedir(path="/", fi=0x28b2dd80)
    flags = 0x00000000
    fh_old = 0x7f87240273d0
    writepage = 0
    direct_io = 0
    keep_cache = 0
    fh = 0x00007f87240273d0
    lock_owner = 0x0000000000000000

bb_opendir(path="/", fi=0x2932ed70)
    bb_fullpath:  rootdir = "/root/hsm_fuse/example/rootdir", path = "/", fpath = "/root/hsm_fuse/example/rootdir/"
    flags = 0x00098800
    fh_old = 0x00000000
    writepage = 0
    direct_io = 0
    keep_cache = 0
    fh = 0x00007f87240273d0
    lock_owner = 0x0000000000000000

bb_readdir(path="/", buf=0x240010d0, filler=0x2e1b7de0, offset=0, fi=0x28b2dd70)
calling filler with name bogus.txt
calling filler with name asdlasjdla
calling filler with name ..
calling filler with name hello.txt
calling filler with name .
    flags = 0x00000000
    fh_old = 0x7f87240273d0
    writepage = 0
    direct_io = 0
    keep_cache = 0
    fh = 0x00007f87240273d0
    lock_owner = 0x0000000000000000

bb_releasedir(path="/", fi=0x28b2dd80)
    flags = 0x00000000
    fh_old = 0x7f87240273d0
    writepage = 0
    direct_io = 0
    keep_cache = 0
    fh = 0x00007f87240273d0
    lock_owner = 0x0000000000000000

bb_opendir(path="/", fi=0x2932ed70)
    bb_fullpath:  rootdir = "/root/hsm_fuse/example/rootdir", path = "/", fpath = "/root/hsm_fuse/example/rootdir/"
    flags = 0x00098800
    fh_old = 0x00000000
    writepage = 0
    direct_io = 0
    keep_cache = 0
    fh = 0x00007f87240273d0
    lock_owner = 0x0000000000000000

bb_readdir(path="/", buf=0x240010d0, filler=0x2e1b7de0, offset=0, fi=0x28b2dd70)
calling filler with name bogus.txt
calling filler with name asdlasjdla
calling filler with name ..
calling filler with name hello.txt
calling filler with name .
    flags = 0x00000000
    fh_old = 0x7f87240273d0
    writepage = 0
    direct_io = 0
    keep_cache = 0
    fh = 0x00007f87240273d0
    lock_owner = 0x0000000000000000

bb_releasedir(path="/", fi=0x28b2dd80)
    flags = 0x00000000
    fh_old = 0x7f87240273d0
    writepage = 0
    direct_io = 0
    keep_cache = 0
    fh = 0x00007f87240273d0
    lock_owner = 0x0000000000000000
    bb_fullpath:  rootdir = "/root/hsm_fuse/example/rootdir", path = "/asdlasjdla", fpath = "/root/hsm_fuse/example/rootdir/asdlasjdla"

bb_opendir(path="/", fi=0x28b2dd70)
    bb_fullpath:  rootdir = "/root/hsm_fuse/example/rootdir", path = "/", fpath = "/root/hsm_fuse/example/rootdir/"
    flags = 0x00098800
    fh_old = 0x00000000
    writepage = 0
    direct_io = 0
    keep_cache = 0
    fh = 0x00007f871c000b20
    lock_owner = 0x0000000000000000

bb_readdir(path="/", buf=0x1c000990, filler=0x2e1b7de0, offset=0, fi=0x2932ed70)
calling filler with name bogus.txt
calling filler with name asdlasjdla
calling filler with name ..
calling filler with name hello.txt
calling filler with name .
    flags = 0x00000000
    fh_old = 0x7f871c000b20
    writepage = 0
    direct_io = 0
    keep_cache = 0
    fh = 0x00007f871c000b20
    lock_owner = 0x0000000000000000

bb_releasedir(path="/", fi=0x2932ed80)
    flags = 0x00000000
    fh_old = 0x7f871c000b20
    writepage = 0
    direct_io = 0
    keep_cache = 0
    fh = 0x00007f871c000b20
    lock_owner = 0x0000000000000000
bb_unlink(path="/asdlasjdla")
    bb_fullpath:  rootdir = "/root/hsm_fuse/example/rootdir", path = "/asdlasjdla", fpath = "/root/hsm_fuse/example/rootdir/asdlasjdla"

bb_opendir(path="/", fi=0x28b2dd70)
    bb_fullpath:  rootdir = "/root/hsm_fuse/example/rootdir", path = "/", fpath = "/root/hsm_fuse/example/rootdir/"
    flags = 0x00098800
    fh_old = 0x00000000
    writepage = 0
    direct_io = 0
    keep_cache = 0
    fh = 0x00007f871c0280d0
    lock_owner = 0x0000000000000000

bb_readdir(path="/", buf=0x1c008ad0, filler=0x2e1b7de0, offset=0, fi=0x2932ed70)
calling filler with name bogus.txt
calling filler with name ..
calling filler with name hello.txt
calling filler with name .
    flags = 0x00000000
    fh_old = 0x7f871c0280d0
    writepage = 0
    direct_io = 0
    keep_cache = 0
    fh = 0x00007f871c0280d0
    lock_owner = 0x0000000000000000

bb_releasedir(path="/", fi=0x2932ed80)
    flags = 0x00000000
    fh_old = 0x7f871c0280d0
    writepage = 0
    direct_io = 0
    keep_cache = 0
    fh = 0x00007f871c0280d0
    lock_owner = 0x0000000000000000

bb_opendir(path="/", fi=0x28b2dd70)
    bb_fullpath:  rootdir = "/root/hsm_fuse/example/rootdir", path = "/", fpath = "/root/hsm_fuse/example/rootdir/"
    flags = 0x00098800
    fh_old = 0x00000000
    writepage = 0
    direct_io = 0
    keep_cache = 0
    fh = 0x00007f871c0280d0
    lock_owner = 0x0000000000000000

bb_readdir(path="/", buf=0x1c008ad0, filler=0x2e1b7de0, offset=0, fi=0x2932ed70)
calling filler with name bogus.txt
calling filler with name ..
calling filler with name hello.txt
calling filler with name .
    flags = 0x00000000
    fh_old = 0x7f871c0280d0
    writepage = 0
    direct_io = 0
    keep_cache = 0
    fh = 0x00007f871c0280d0
    lock_owner = 0x0000000000000000

bb_releasedir(path="/", fi=0x2932ed80)
    flags = 0x00000000
    fh_old = 0x7f871c0280d0
    writepage = 0
    direct_io = 0
    keep_cache = 0
    fh = 0x00007f871c0280d0
    lock_owner = 0x0000000000000000

bb_opendir(path="/", fi=0x28b2dd70)
    bb_fullpath:  rootdir = "/root/hsm_fuse/example/rootdir", path = "/", fpath = "/root/hsm_fuse/example/rootdir/"
    flags = 0x00098800
    fh_old = 0x00000000
    writepage = 0
    direct_io = 0
    keep_cache = 0
    fh = 0x00007f871c0280d0
    lock_owner = 0x0000000000000000

bb_readdir(path="/", buf=0x1c008ad0, filler=0x2e1b7de0, offset=0, fi=0x2932ed70)
calling filler with name bogus.txt
calling filler with name ..
calling filler with name hello.txt
calling filler with name .
    flags = 0x00000000
    fh_old = 0x7f871c0280d0
    writepage = 0
    direct_io = 0
    keep_cache = 0
    fh = 0x00007f871c0280d0
    lock_owner = 0x0000000000000000

bb_releasedir(path="/", fi=0x2932ed80)
    flags = 0x00000000
    fh_old = 0x7f871c0280d0
    writepage = 0
    direct_io = 0
    keep_cache = 0
    fh = 0x00007f871c0280d0
    lock_owner = 0x0000000000000000
    bb_fullpath:  rootdir = "/root/hsm_fuse/example/rootdir", path = "/bogus.txt", fpath = "/root/hsm_fuse/example/rootdir/bogus.txt"

bb_opendir(path="/", fi=0x2932ed70)
    bb_fullpath:  rootdir = "/root/hsm_fuse/example/rootdir", path = "/", fpath = "/root/hsm_fuse/example/rootdir/"
    flags = 0x00098800
    fh_old = 0x00000000
    writepage = 0
    direct_io = 0
    keep_cache = 0
    fh = 0x00007f87240273d0
    lock_owner = 0x0000000000000000

bb_readdir(path="/", buf=0x24000b80, filler=0x2e1b7de0, offset=0, fi=0x28b2dd70)
calling filler with name bogus.txt
calling filler with name ..
calling filler with name hello.txt
calling filler with name .
    flags = 0x00000000
    fh_old = 0x7f87240273d0
    writepage = 0
    direct_io = 0
    keep_cache = 0
    fh = 0x00007f87240273d0
    lock_owner = 0x0000000000000000

bb_releasedir(path="/", fi=0x28b2dd80)
    flags = 0x00000000
    fh_old = 0x7f87240273d0
    writepage = 0
    direct_io = 0
    keep_cache = 0
    fh = 0x00007f87240273d0
    lock_owner = 0x0000000000000000
bb_unlink(path="/bogus.txt")
    bb_fullpath:  rootdir = "/root/hsm_fuse/example/rootdir", path = "/bogus.txt", fpath = "/root/hsm_fuse/example/rootdir/bogus.txt"

bb_opendir(path="/", fi=0x2932ed70)
    bb_fullpath:  rootdir = "/root/hsm_fuse/example/rootdir", path = "/", fpath = "/root/hsm_fuse/example/rootdir/"
    flags = 0x00098800
    fh_old = 0x00000000
    writepage = 0
    direct_io = 0
    keep_cache = 0
    fh = 0x00007f872404c170
    lock_owner = 0x0000000000000000

bb_readdir(path="/", buf=0x240490d0, filler=0x2e1b7de0, offset=0, fi=0x28b2dd70)
calling filler with name ..
calling filler with name hello.txt
calling filler with name .
    flags = 0x00000000
    fh_old = 0x7f872404c170
    writepage = 0
    direct_io = 0
    keep_cache = 0
    fh = 0x00007f872404c170
    lock_owner = 0x0000000000000000

bb_releasedir(path="/", fi=0x28b2dd80)
    flags = 0x00000000
    fh_old = 0x7f872404c170
    writepage = 0
    direct_io = 0
    keep_cache = 0
    fh = 0x00007f872404c170
    lock_owner = 0x0000000000000000

bb_opendir(path="/", fi=0x2932ed70)
    bb_fullpath:  rootdir = "/root/hsm_fuse/example/rootdir", path = "/", fpath = "/root/hsm_fuse/example/rootdir/"
    flags = 0x00098800
    fh_old = 0x00000000
    writepage = 0
    direct_io = 0
    keep_cache = 0
    fh = 0x00007f872404c170
    lock_owner = 0x0000000000000000

bb_readdir(path="/", buf=0x240490d0, filler=0x2e1b7de0, offset=0, fi=0x28b2dd70)
calling filler with name ..
calling filler with name hello.txt
calling filler with name .
    flags = 0x00000000
    fh_old = 0x7f872404c170
    writepage = 0
    direct_io = 0
    keep_cache = 0
    fh = 0x00007f872404c170
    lock_owner = 0x0000000000000000

bb_releasedir(path="/", fi=0x28b2dd80)
    flags = 0x00000000
    fh_old = 0x7f872404c170
    writepage = 0
    direct_io = 0
    keep_cache = 0
    fh = 0x00007f872404c170
    lock_owner = 0x0000000000000000

bb_opendir(path="/", fi=0x2932ed70)
    bb_fullpath:  rootdir = "/root/hsm_fuse/example/rootdir", path = "/", fpath = "/root/hsm_fuse/example/rootdir/"
    flags = 0x00098800
    fh_old = 0x00000000
    writepage = 0
    direct_io = 0
    keep_cache = 0
    fh = 0x00007f872404c170
    lock_owner = 0x0000000000000000

bb_readdir(path="/", buf=0x240490d0, filler=0x2e1b7de0, offset=0, fi=0x28b2dd70)
calling filler with name ..
calling filler with name hello.txt
calling filler with name .
    flags = 0x00000000
    fh_old = 0x7f872404c170
    writepage = 0
    direct_io = 0
    keep_cache = 0
    fh = 0x00007f872404c170
    lock_owner = 0x0000000000000000

bb_releasedir(path="/", fi=0x28b2dd80)
    flags = 0x00000000
    fh_old = 0x7f872404c170
    writepage = 0
    direct_io = 0
    keep_cache = 0
    fh = 0x00007f872404c170
    lock_owner = 0x0000000000000000
    bb_fullpath:  rootdir = "/root/hsm_fuse/example/rootdir", path = "/hello.txt", fpath = "/root/hsm_fuse/example/rootdir/hello.txt"

bb_opendir(path="/", fi=0x28b2dd70)
    bb_fullpath:  rootdir = "/root/hsm_fuse/example/rootdir", path = "/", fpath = "/root/hsm_fuse/example/rootdir/"
    flags = 0x00098800
    fh_old = 0x00000000
    writepage = 0
    direct_io = 0
    keep_cache = 0
    fh = 0x00007f871c0280d0
    lock_owner = 0x0000000000000000

bb_readdir(path="/", buf=0x1c000a10, filler=0x2e1b7de0, offset=0, fi=0x2932ed70)
calling filler with name ..
calling filler with name hello.txt
calling filler with name .
    flags = 0x00000000
    fh_old = 0x7f871c0280d0
    writepage = 0
    direct_io = 0
    keep_cache = 0
    fh = 0x00007f871c0280d0
    lock_owner = 0x0000000000000000

bb_releasedir(path="/", fi=0x2932ed80)
    flags = 0x00000000
    fh_old = 0x7f871c0280d0
    writepage = 0
    direct_io = 0
    keep_cache = 0
    fh = 0x00007f871c0280d0
    lock_owner = 0x0000000000000000
bb_unlink(path="/hello.txt")
    bb_fullpath:  rootdir = "/root/hsm_fuse/example/rootdir", path = "/hello.txt", fpath = "/root/hsm_fuse/example/rootdir/hello.txt"

bb_access(path="/", mask=01)
    bb_fullpath:  rootdir = "/root/hsm_fuse/example/rootdir", path = "/", fpath = "/root/hsm_fuse/example/rootdir/"

bb_access(path="/", mask=01)
    bb_fullpath:  rootdir = "/root/hsm_fuse/example/rootdir", path = "/", fpath = "/root/hsm_fuse/example/rootdir/"
    bb_fullpath:  rootdir = "/root/hsm_fuse/example/rootdir", path = "/new", fpath = "/root/hsm_fuse/example/rootdir/new"
    ERROR bb_getattr lstat: No such file or directory

bb_opendir(path="/", fi=0x2932ed70)
    bb_fullpath:  rootdir = "/root/hsm_fuse/example/rootdir", path = "/", fpath = "/root/hsm_fuse/example/rootdir/"
    flags = 0x00008000
    fh_old = 0x00000000
    writepage = 0
    direct_io = 0
    keep_cache = 0
    fh = 0x00007f872404c170
    lock_owner = 0x0000000000000000

bb_access(path="/", mask=01)
    bb_fullpath:  rootdir = "/root/hsm_fuse/example/rootdir", path = "/", fpath = "/root/hsm_fuse/example/rootdir/"

bb_access(path="/", mask=01)
    bb_fullpath:  rootdir = "/root/hsm_fuse/example/rootdir", path = "/", fpath = "/root/hsm_fuse/example/rootdir/"

bb_releasedir(path="/", fi=0x28b2dd80)
    flags = 0x00000000
    fh_old = 0x7f872404c170
    writepage = 0
    direct_io = 0
    keep_cache = 0
    fh = 0x00007f872404c170
    lock_owner = 0x0000000000000000

bb_opendir(path="/", fi=0x2932ed70)
    bb_fullpath:  rootdir = "/root/hsm_fuse/example/rootdir", path = "/", fpath = "/root/hsm_fuse/example/rootdir/"
    flags = 0x00008000
    fh_old = 0x00000000
    writepage = 0
    direct_io = 0
    keep_cache = 0
    fh = 0x00007f872404c170
    lock_owner = 0x0000000000000000

bb_access(path="/", mask=01)
    bb_fullpath:  rootdir = "/root/hsm_fuse/example/rootdir", path = "/", fpath = "/root/hsm_fuse/example/rootdir/"

bb_access(path="/", mask=01)
    bb_fullpath:  rootdir = "/root/hsm_fuse/example/rootdir", path = "/", fpath = "/root/hsm_fuse/example/rootdir/"

bb_releasedir(path="/", fi=0x28b2dd80)
    flags = 0x00000000
    fh_old = 0x7f872404c170
    writepage = 0
    direct_io = 0
    keep_cache = 0
    fh = 0x00007f872404c170
    lock_owner = 0x0000000000000000

bb_opendir(path="/", fi=0x2932ed70)
    bb_fullpath:  rootdir = "/root/hsm_fuse/example/rootdir", path = "/", fpath = "/root/hsm_fuse/example/rootdir/"
    flags = 0x00008000
    fh_old = 0x00000000
    writepage = 0
    direct_io = 0
    keep_cache = 0
    fh = 0x00007f872404c170
    lock_owner = 0x0000000000000000

bb_access(path="/", mask=01)
    bb_fullpath:  rootdir = "/root/hsm_fuse/example/rootdir", path = "/", fpath = "/root/hsm_fuse/example/rootdir/"

bb_access(path="/", mask=01)
    bb_fullpath:  rootdir = "/root/hsm_fuse/example/rootdir", path = "/", fpath = "/root/hsm_fuse/example/rootdir/"

bb_releasedir(path="/", fi=0x28b2dd80)
    flags = 0x00000000
    fh_old = 0x7f872404c170
    writepage = 0
    direct_io = 0
    keep_cache = 0
    fh = 0x00007f872404c170
    lock_owner = 0x0000000000000000

bb_opendir(path="/", fi=0x2932ed70)
    bb_fullpath:  rootdir = "/root/hsm_fuse/example/rootdir", path = "/", fpath = "/root/hsm_fuse/example/rootdir/"
    flags = 0x00008000
    fh_old = 0x00000000
    writepage = 0
    direct_io = 0
    keep_cache = 0
    fh = 0x00007f872404c170
    lock_owner = 0x0000000000000000

bb_access(path="/", mask=01)
    bb_fullpath:  rootdir = "/root/hsm_fuse/example/rootdir", path = "/", fpath = "/root/hsm_fuse/example/rootdir/"

bb_access(path="/", mask=01)
    bb_fullpath:  rootdir = "/root/hsm_fuse/example/rootdir", path = "/", fpath = "/root/hsm_fuse/example/rootdir/"

bb_releasedir(path="/", fi=0x28b2dd80)
    flags = 0x00000000
    fh_old = 0x7f872404c170
    writepage = 0
    direct_io = 0
    keep_cache = 0
    fh = 0x00007f872404c170
    lock_owner = 0x0000000000000000

bb_opendir(path="/", fi=0x2932ed70)
    bb_fullpath:  rootdir = "/root/hsm_fuse/example/rootdir", path = "/", fpath = "/root/hsm_fuse/example/rootdir/"
    flags = 0x00008000
    fh_old = 0x00000000
    writepage = 0
    direct_io = 0
    keep_cache = 0
    fh = 0x00007f872404c170
    lock_owner = 0x0000000000000000

bb_access(path="/", mask=01)
    bb_fullpath:  rootdir = "/root/hsm_fuse/example/rootdir", path = "/", fpath = "/root/hsm_fuse/example/rootdir/"

bb_access(path="/", mask=01)
    bb_fullpath:  rootdir = "/root/hsm_fuse/example/rootdir", path = "/", fpath = "/root/hsm_fuse/example/rootdir/"

bb_releasedir(path="/", fi=0x28b2dd80)
    flags = 0x00000000
    fh_old = 0x7f872404c170
    writepage = 0
    direct_io = 0
    keep_cache = 0
    fh = 0x00007f872404c170
    lock_owner = 0x0000000000000000

bb_opendir(path="/", fi=0x2932ed70)
    bb_fullpath:  rootdir = "/root/hsm_fuse/example/rootdir", path = "/", fpath = "/root/hsm_fuse/example/rootdir/"
    flags = 0x00008000
    fh_old = 0x00000000
    writepage = 0
    direct_io = 0
    keep_cache = 0
    fh = 0x00007f872404c170
    lock_owner = 0x0000000000000000

bb_access(path="/", mask=01)
    bb_fullpath:  rootdir = "/root/hsm_fuse/example/rootdir", path = "/", fpath = "/root/hsm_fuse/example/rootdir/"

bb_access(path="/", mask=01)
    bb_fullpath:  rootdir = "/root/hsm_fuse/example/rootdir", path = "/", fpath = "/root/hsm_fuse/example/rootdir/"

bb_releasedir(path="/", fi=0x28b2dd80)
    flags = 0x00000000
    fh_old = 0x7f872404c170
    writepage = 0
    direct_io = 0
    keep_cache = 0
    fh = 0x00007f872404c170
    lock_owner = 0x0000000000000000

bb_opendir(path="/", fi=0x2932ed70)
    bb_fullpath:  rootdir = "/root/hsm_fuse/example/rootdir", path = "/", fpath = "/root/hsm_fuse/example/rootdir/"
    flags = 0x00008000
    fh_old = 0x00000000
    writepage = 0
    direct_io = 0
    keep_cache = 0
    fh = 0x00007f872404c170
    lock_owner = 0x0000000000000000

bb_access(path="/", mask=01)
    bb_fullpath:  rootdir = "/root/hsm_fuse/example/rootdir", path = "/", fpath = "/root/hsm_fuse/example/rootdir/"

bb_access(path="/", mask=01)
    bb_fullpath:  rootdir = "/root/hsm_fuse/example/rootdir", path = "/", fpath = "/root/hsm_fuse/example/rootdir/"

bb_releasedir(path="/", fi=0x28b2dd80)
    flags = 0x00000000
    fh_old = 0x7f872404c170
    writepage = 0
    direct_io = 0
    keep_cache = 0
    fh = 0x00007f872404c170
    lock_owner = 0x0000000000000000

bb_opendir(path="/", fi=0x2932ed70)
    bb_fullpath:  rootdir = "/root/hsm_fuse/example/rootdir", path = "/", fpath = "/root/hsm_fuse/example/rootdir/"
    flags = 0x00008000
    fh_old = 0x00000000
    writepage = 0
    direct_io = 0
    keep_cache = 0
    fh = 0x00007f872404c170
    lock_owner = 0x0000000000000000

bb_access(path="/", mask=01)
    bb_fullpath:  rootdir = "/root/hsm_fuse/example/rootdir", path = "/", fpath = "/root/hsm_fuse/example/rootdir/"

bb_access(path="/", mask=01)
    bb_fullpath:  rootdir = "/root/hsm_fuse/example/rootdir", path = "/", fpath = "/root/hsm_fuse/example/rootdir/"

bb_releasedir(path="/", fi=0x28b2dd80)
    flags = 0x00000000
    fh_old = 0x7f872404c170
    writepage = 0
    direct_io = 0
    keep_cache = 0
    fh = 0x00007f872404c170
    lock_owner = 0x0000000000000000

bb_opendir(path="/", fi=0x2932ed70)
    bb_fullpath:  rootdir = "/root/hsm_fuse/example/rootdir", path = "/", fpath = "/root/hsm_fuse/example/rootdir/"
    flags = 0x00008000
    fh_old = 0x00000000
    writepage = 0
    direct_io = 0
    keep_cache = 0
    fh = 0x00007f872404c170
    lock_owner = 0x0000000000000000

bb_access(path="/", mask=01)
    bb_fullpath:  rootdir = "/root/hsm_fuse/example/rootdir", path = "/", fpath = "/root/hsm_fuse/example/rootdir/"

bb_access(path="/", mask=01)
    bb_fullpath:  rootdir = "/root/hsm_fuse/example/rootdir", path = "/", fpath = "/root/hsm_fuse/example/rootdir/"

bb_releasedir(path="/", fi=0x28b2dd80)
    flags = 0x00000000
    fh_old = 0x7f872404c170
    writepage = 0
    direct_io = 0
    keep_cache = 0
    fh = 0x00007f872404c170
    lock_owner = 0x0000000000000000

bb_opendir(path="/", fi=0x2932ed70)
    bb_fullpath:  rootdir = "/root/hsm_fuse/example/rootdir", path = "/", fpath = "/root/hsm_fuse/example/rootdir/"
    flags = 0x00008000
    fh_old = 0x00000000
    writepage = 0
    direct_io = 0
    keep_cache = 0
    fh = 0x00007f872404c170
    lock_owner = 0x0000000000000000

bb_access(path="/", mask=01)
    bb_fullpath:  rootdir = "/root/hsm_fuse/example/rootdir", path = "/", fpath = "/root/hsm_fuse/example/rootdir/"

bb_access(path="/", mask=01)
    bb_fullpath:  rootdir = "/root/hsm_fuse/example/rootdir", path = "/", fpath = "/root/hsm_fuse/example/rootdir/"

bb_releasedir(path="/", fi=0x28b2dd80)
    flags = 0x00000000
    fh_old = 0x7f872404c170
    writepage = 0
    direct_io = 0
    keep_cache = 0
    fh = 0x00007f872404c170
    lock_owner = 0x0000000000000000

bb_opendir(path="/", fi=0x2932ed70)
    bb_fullpath:  rootdir = "/root/hsm_fuse/example/rootdir", path = "/", fpath = "/root/hsm_fuse/example/rootdir/"
    flags = 0x00008000
    fh_old = 0x00000000
    writepage = 0
    direct_io = 0
    keep_cache = 0
    fh = 0x00007f872404c170
    lock_owner = 0x0000000000000000

bb_access(path="/", mask=01)
    bb_fullpath:  rootdir = "/root/hsm_fuse/example/rootdir", path = "/", fpath = "/root/hsm_fuse/example/rootdir/"

bb_access(path="/", mask=01)
    bb_fullpath:  rootdir = "/root/hsm_fuse/example/rootdir", path = "/", fpath = "/root/hsm_fuse/example/rootdir/"

bb_releasedir(path="/", fi=0x28b2dd80)
    flags = 0x00000000
    fh_old = 0x7f872404c170
    writepage = 0
    direct_io = 0
    keep_cache = 0
    fh = 0x00007f872404c170
    lock_owner = 0x0000000000000000

bb_opendir(path="/", fi=0x2932ed70)
    bb_fullpath:  rootdir = "/root/hsm_fuse/example/rootdir", path = "/", fpath = "/root/hsm_fuse/example/rootdir/"
    flags = 0x00008000
    fh_old = 0x00000000
    writepage = 0
    direct_io = 0
    keep_cache = 0
    fh = 0x00007f872404c170
    lock_owner = 0x0000000000000000

bb_access(path="/", mask=01)
    bb_fullpath:  rootdir = "/root/hsm_fuse/example/rootdir", path = "/", fpath = "/root/hsm_fuse/example/rootdir/"

bb_access(path="/", mask=01)
    bb_fullpath:  rootdir = "/root/hsm_fuse/example/rootdir", path = "/", fpath = "/root/hsm_fuse/example/rootdir/"

bb_releasedir(path="/", fi=0x28b2dd80)
    flags = 0x00000000
    fh_old = 0x7f872404c170
    writepage = 0
    direct_io = 0
    keep_cache = 0
    fh = 0x00007f872404c170
    lock_owner = 0x0000000000000000

bb_opendir(path="/", fi=0x2932ed70)
    bb_fullpath:  rootdir = "/root/hsm_fuse/example/rootdir", path = "/", fpath = "/root/hsm_fuse/example/rootdir/"
    flags = 0x00008000
    fh_old = 0x00000000
    writepage = 0
    direct_io = 0
    keep_cache = 0
    fh = 0x00007f872404c170
    lock_owner = 0x0000000000000000

bb_access(path="/", mask=01)
    bb_fullpath:  rootdir = "/root/hsm_fuse/example/rootdir", path = "/", fpath = "/root/hsm_fuse/example/rootdir/"

bb_access(path="/", mask=01)
    bb_fullpath:  rootdir = "/root/hsm_fuse/example/rootdir", path = "/", fpath = "/root/hsm_fuse/example/rootdir/"

bb_releasedir(path="/", fi=0x28b2dd80)
    flags = 0x00000000
    fh_old = 0x7f872404c170
    writepage = 0
    direct_io = 0
    keep_cache = 0
    fh = 0x00007f872404c170
    lock_owner = 0x0000000000000000

bb_opendir(path="/", fi=0x2932ed70)
    bb_fullpath:  rootdir = "/root/hsm_fuse/example/rootdir", path = "/", fpath = "/root/hsm_fuse/example/rootdir/"
    flags = 0x00008000
    fh_old = 0x00000000
    writepage = 0
    direct_io = 0
    keep_cache = 0
    fh = 0x00007f872404c170
    lock_owner = 0x0000000000000000

bb_access(path="/", mask=01)
    bb_fullpath:  rootdir = "/root/hsm_fuse/example/rootdir", path = "/", fpath = "/root/hsm_fuse/example/rootdir/"

bb_access(path="/", mask=01)
    bb_fullpath:  rootdir = "/root/hsm_fuse/example/rootdir", path = "/", fpath = "/root/hsm_fuse/example/rootdir/"

bb_releasedir(path="/", fi=0x28b2dd80)
    flags = 0x00000000
    fh_old = 0x7f872404c170
    writepage = 0
    direct_io = 0
    keep_cache = 0
    fh = 0x00007f872404c170
    lock_owner = 0x0000000000000000

bb_opendir(path="/", fi=0x2932ed70)
    bb_fullpath:  rootdir = "/root/hsm_fuse/example/rootdir", path = "/", fpath = "/root/hsm_fuse/example/rootdir/"
    flags = 0x00008000
    fh_old = 0x00000000
    writepage = 0
    direct_io = 0
    keep_cache = 0
    fh = 0x00007f872404c170
    lock_owner = 0x0000000000000000

bb_access(path="/", mask=01)
    bb_fullpath:  rootdir = "/root/hsm_fuse/example/rootdir", path = "/", fpath = "/root/hsm_fuse/example/rootdir/"

bb_access(path="/", mask=01)
    bb_fullpath:  rootdir = "/root/hsm_fuse/example/rootdir", path = "/", fpath = "/root/hsm_fuse/example/rootdir/"

bb_releasedir(path="/", fi=0x28b2dd80)
    flags = 0x00000000
    fh_old = 0x7f872404c170
    writepage = 0
    direct_io = 0
    keep_cache = 0
    fh = 0x00007f872404c170
    lock_owner = 0x0000000000000000

bb_opendir(path="/", fi=0x2932ed70)
    bb_fullpath:  rootdir = "/root/hsm_fuse/example/rootdir", path = "/", fpath = "/root/hsm_fuse/example/rootdir/"
    flags = 0x00008000
    fh_old = 0x00000000
    writepage = 0
    direct_io = 0
    keep_cache = 0
    fh = 0x00007f872404c170
    lock_owner = 0x0000000000000000

bb_access(path="/", mask=01)
    bb_fullpath:  rootdir = "/root/hsm_fuse/example/rootdir", path = "/", fpath = "/root/hsm_fuse/example/rootdir/"

bb_access(path="/", mask=01)
    bb_fullpath:  rootdir = "/root/hsm_fuse/example/rootdir", path = "/", fpath = "/root/hsm_fuse/example/rootdir/"

bb_releasedir(path="/", fi=0x28b2dd80)
    flags = 0x00000000
    fh_old = 0x7f872404c170
    writepage = 0
    direct_io = 0
    keep_cache = 0
    fh = 0x00007f872404c170
    lock_owner = 0x0000000000000000

bb_opendir(path="/", fi=0x2932ed70)
    bb_fullpath:  rootdir = "/root/hsm_fuse/example/rootdir", path = "/", fpath = "/root/hsm_fuse/example/rootdir/"
    flags = 0x00008000
    fh_old = 0x00000000
    writepage = 0
    direct_io = 0
    keep_cache = 0
    fh = 0x00007f872404c170
    lock_owner = 0x0000000000000000

bb_access(path="/", mask=01)
    bb_fullpath:  rootdir = "/root/hsm_fuse/example/rootdir", path = "/", fpath = "/root/hsm_fuse/example/rootdir/"

bb_access(path="/", mask=01)
    bb_fullpath:  rootdir = "/root/hsm_fuse/example/rootdir", path = "/", fpath = "/root/hsm_fuse/example/rootdir/"

bb_releasedir(path="/", fi=0x28b2dd80)
    flags = 0x00000000
    fh_old = 0x7f872404c170
    writepage = 0
    direct_io = 0
    keep_cache = 0
    fh = 0x00007f872404c170
    lock_owner = 0x0000000000000000

bb_opendir(path="/", fi=0x2932ed70)
    bb_fullpath:  rootdir = "/root/hsm_fuse/example/rootdir", path = "/", fpath = "/root/hsm_fuse/example/rootdir/"
    flags = 0x00008000
    fh_old = 0x00000000
    writepage = 0
    direct_io = 0
    keep_cache = 0
    fh = 0x00007f872404c170
    lock_owner = 0x0000000000000000

bb_access(path="/", mask=01)
    bb_fullpath:  rootdir = "/root/hsm_fuse/example/rootdir", path = "/", fpath = "/root/hsm_fuse/example/rootdir/"

bb_access(path="/", mask=01)
    bb_fullpath:  rootdir = "/root/hsm_fuse/example/rootdir", path = "/", fpath = "/root/hsm_fuse/example/rootdir/"

bb_releasedir(path="/", fi=0x28b2dd80)
    flags = 0x00000000
    fh_old = 0x7f872404c170
    writepage = 0
    direct_io = 0
    keep_cache = 0
    fh = 0x00007f872404c170
    lock_owner = 0x0000000000000000

bb_opendir(path="/", fi=0x2932ed70)
    bb_fullpath:  rootdir = "/root/hsm_fuse/example/rootdir", path = "/", fpath = "/root/hsm_fuse/example/rootdir/"
    flags = 0x00008000
    fh_old = 0x00000000
    writepage = 0
    direct_io = 0
    keep_cache = 0
    fh = 0x00007f872404c170
    lock_owner = 0x0000000000000000

bb_access(path="/", mask=01)
    bb_fullpath:  rootdir = "/root/hsm_fuse/example/rootdir", path = "/", fpath = "/root/hsm_fuse/example/rootdir/"

bb_access(path="/", mask=01)
    bb_fullpath:  rootdir = "/root/hsm_fuse/example/rootdir", path = "/", fpath = "/root/hsm_fuse/example/rootdir/"

bb_releasedir(path="/", fi=0x28b2dd80)
    flags = 0x00000000
    fh_old = 0x7f872404c170
    writepage = 0
    direct_io = 0
    keep_cache = 0
    fh = 0x00007f872404c170
    lock_owner = 0x0000000000000000

bb_opendir(path="/", fi=0x2932ed70)
    bb_fullpath:  rootdir = "/root/hsm_fuse/example/rootdir", path = "/", fpath = "/root/hsm_fuse/example/rootdir/"
    flags = 0x00008000
    fh_old = 0x00000000
    writepage = 0
    direct_io = 0
    keep_cache = 0
    fh = 0x00007f872404c170
    lock_owner = 0x0000000000000000

bb_access(path="/", mask=01)
    bb_fullpath:  rootdir = "/root/hsm_fuse/example/rootdir", path = "/", fpath = "/root/hsm_fuse/example/rootdir/"

bb_access(path="/", mask=01)
    bb_fullpath:  rootdir = "/root/hsm_fuse/example/rootdir", path = "/", fpath = "/root/hsm_fuse/example/rootdir/"

bb_releasedir(path="/", fi=0x28b2dd80)
    flags = 0x00000000
    fh_old = 0x7f872404c170
    writepage = 0
    direct_io = 0
    keep_cache = 0
    fh = 0x00007f872404c170
    lock_owner = 0x0000000000000000

bb_opendir(path="/", fi=0x2932ed70)
    bb_fullpath:  rootdir = "/root/hsm_fuse/example/rootdir", path = "/", fpath = "/root/hsm_fuse/example/rootdir/"
    flags = 0x00008000
    fh_old = 0x00000000
    writepage = 0
    direct_io = 0
    keep_cache = 0
    fh = 0x00007f872404c170
    lock_owner = 0x0000000000000000

bb_access(path="/", mask=01)
    bb_fullpath:  rootdir = "/root/hsm_fuse/example/rootdir", path = "/", fpath = "/root/hsm_fuse/example/rootdir/"

bb_access(path="/", mask=01)
    bb_fullpath:  rootdir = "/root/hsm_fuse/example/rootdir", path = "/", fpath = "/root/hsm_fuse/example/rootdir/"

bb_releasedir(path="/", fi=0x28b2dd80)
    flags = 0x00000000
    fh_old = 0x7f872404c170
    writepage = 0
    direct_io = 0
    keep_cache = 0
    fh = 0x00007f872404c170
    lock_owner = 0x0000000000000000
    bb_fullpath:  rootdir = "/root/hsm_fuse/example/rootdir", path = "/new", fpath = "/root/hsm_fuse/example/rootdir/new"
    ERROR bb_getattr lstat: No such file or directory
    bb_fullpath:  rootdir = "/root/hsm_fuse/example/rootdir", path = "/new", fpath = "/root/hsm_fuse/example/rootdir/new"
    ERROR bb_getattr lstat: No such file or directory
    bb_fullpath:  rootdir = "/root/hsm_fuse/example/rootdir", path = "/new", fpath = "/root/hsm_fuse/example/rootdir/new"
    ERROR bb_getattr lstat: No such file or directory
    bb_fullpath:  rootdir = "/root/hsm_fuse/example/rootdir", path = "/new", fpath = "/root/hsm_fuse/example/rootdir/new"
    ERROR bb_getattr lstat: No such file or directory
    bb_fullpath:  rootdir = "/root/hsm_fuse/example/rootdir", path = "/new", fpath = "/root/hsm_fuse/example/rootdir/new"
    ERROR bb_getattr lstat: No such file or directory
    bb_fullpath:  rootdir = "/root/hsm_fuse/example/rootdir", path = "/new", fpath = "/root/hsm_fuse/example/rootdir/new"
    ERROR bb_getattr lstat: No such file or directory
    bb_fullpath:  rootdir = "/root/hsm_fuse/example/rootdir", path = "/.new.swp", fpath = "/root/hsm_fuse/example/rootdir/.new.swp"
    ERROR bb_getattr lstat: No such file or directory
    bb_fullpath:  rootdir = "/root/hsm_fuse/example/rootdir", path = "/.new.swp", fpath = "/root/hsm_fuse/example/rootdir/.new.swp"
    ERROR bb_getattr lstat: No such file or directory

bb_create(path="/.new.swp", mode=0100600, fi=0x2932ee30)
    bb_fullpath:  rootdir = "/root/hsm_fuse/example/rootdir", path = "/.new.swp", fpath = "/root/hsm_fuse/example/rootdir/.new.swp"

curl(url=https://192.168.88.14:8080/auth/v1.0, token=X-Auth-Token: AUTH_tke2100e60381d4f4fbd20c18a5b750f0f, path=/.new.swp)
    flags = 0x000080c2
    fh_old = 0x00000000
    writepage = 0
    direct_io = 0
    keep_cache = 0
    fh = 0x000000000000000e
    lock_owner = 0x0000000000000000

bb_fgetattr(path="/.new.swp", statbuf=0x2932ecf0, fi=0x2932ee30)
    flags = 0x000080c2
    fh_old = 0x00000000
    writepage = 0
    direct_io = 0
    keep_cache = 0
    fh = 0x000000000000000e
    lock_owner = 0x0000000000000000
    st_dev = 2049
    st_ino = 1458141
    st_mode = 0100600 
    st_nlink =    1
    st_uid = 0
    st_gid = 0
    st_rdev = 0
    st_size =         0
    st_blksize = 4096
    st_blocks = 0
    st_atime = 0x51934cdf
    st_mtime = 0x51934cdf
    st_ctime = 0x51934cdf
    bb_fullpath:  rootdir = "/root/hsm_fuse/example/rootdir", path = "/.new.swpx", fpath = "/root/hsm_fuse/example/rootdir/.new.swpx"
    ERROR bb_getattr lstat: No such file or directory
    bb_fullpath:  rootdir = "/root/hsm_fuse/example/rootdir", path = "/.new.swpx", fpath = "/root/hsm_fuse/example/rootdir/.new.swpx"
    ERROR bb_getattr lstat: No such file or directory

bb_create(path="/.new.swpx", mode=0100600, fi=0x28b2de30)
    bb_fullpath:  rootdir = "/root/hsm_fuse/example/rootdir", path = "/.new.swpx", fpath = "/root/hsm_fuse/example/rootdir/.new.swpx"

curl(url=https://192.168.88.14:8080/auth/v1.0, token=X-Auth-Token: AUTH_tke2100e60381d4f4fbd20c18a5b750f0f, path=/.new.swpx)
    flags = 0x000080c2
    fh_old = 0x00000000
    writepage = 0
    direct_io = 0
    keep_cache = 0
    fh = 0x0000000000000011
    lock_owner = 0x0000000000000000

bb_fgetattr(path="/.new.swpx", statbuf=0x28b2dcf0, fi=0x28b2de30)
    flags = 0x000080c2
    fh_old = 0x00000000
    writepage = 0
    direct_io = 0
    keep_cache = 0
    fh = 0x0000000000000011
    lock_owner = 0x0000000000000000
    st_dev = 2049
    st_ino = 1458142
    st_mode = 0100600 
    st_nlink =    1
    st_uid = 0
    st_gid = 0
    st_rdev = 0
    st_size =         0
    st_blksize = 4096
    st_blocks = 0
    st_atime = 0x51934cdf
    st_mtime = 0x51934cdf
    st_ctime = 0x51934cdf

bb_flush(path="/.new.swpx", fi=0x2932ee30)
    flags = 0x00000000
    fh_old = 0x00000011
    writepage = 0
    direct_io = 0
    keep_cache = 0
    fh = 0x0000000000000011
    lock_owner = 0x083ddf1a9bcf918c

bb_release(path="/.new.swpx", fi=0x23ffee30)
    flags = 0x00008002
    fh_old = 0x00000011
    writepage = 0
    direct_io = 0
    keep_cache = 0
    fh = 0x0000000000000011
    lock_owner = 0x0000000000000000
bb_unlink(path="/.new.swpx")
    bb_fullpath:  rootdir = "/root/hsm_fuse/example/rootdir", path = "/.new.swpx", fpath = "/root/hsm_fuse/example/rootdir/.new.swpx"

bb_flush(path="/.new.swp", fi=0x2932ee30)
    flags = 0x00000000
    fh_old = 0x0000000e
    writepage = 0
    direct_io = 0
    keep_cache = 0
    fh = 0x000000000000000e
    lock_owner = 0x083ddf1a9bcf918c

bb_release(path="/.new.swp", fi=0x2932ee30)
    flags = 0x00008002
    fh_old = 0x0000000e
    writepage = 0
    direct_io = 0
    keep_cache = 0
    fh = 0x000000000000000e
    lock_owner = 0x0000000000000000
bb_unlink(path="/.new.swp")
    bb_fullpath:  rootdir = "/root/hsm_fuse/example/rootdir", path = "/.new.swp", fpath = "/root/hsm_fuse/example/rootdir/.new.swp"
    bb_fullpath:  rootdir = "/root/hsm_fuse/example/rootdir", path = "/.new.swp", fpath = "/root/hsm_fuse/example/rootdir/.new.swp"
    ERROR bb_getattr lstat: No such file or directory
    bb_fullpath:  rootdir = "/root/hsm_fuse/example/rootdir", path = "/.new.swp", fpath = "/root/hsm_fuse/example/rootdir/.new.swp"
    ERROR bb_getattr lstat: No such file or directory
    bb_fullpath:  rootdir = "/root/hsm_fuse/example/rootdir", path = "/.new.swp", fpath = "/root/hsm_fuse/example/rootdir/.new.swp"
    ERROR bb_getattr lstat: No such file or directory
    bb_fullpath:  rootdir = "/root/hsm_fuse/example/rootdir", path = "/.new.swp", fpath = "/root/hsm_fuse/example/rootdir/.new.swp"
    ERROR bb_getattr lstat: No such file or directory

bb_create(path="/.new.swp", mode=0100600, fi=0x23ffee30)
    bb_fullpath:  rootdir = "/root/hsm_fuse/example/rootdir", path = "/.new.swp", fpath = "/root/hsm_fuse/example/rootdir/.new.swp"

curl(url=https://192.168.88.14:8080/auth/v1.0, token=X-Auth-Token: AUTH_tke2100e60381d4f4fbd20c18a5b750f0f, path=/.new.swp)
    flags = 0x000280c2
    fh_old = 0x00000000
    writepage = 0
    direct_io = 0
    keep_cache = 0
    fh = 0x0000000000000016
    lock_owner = 0x0000000000000000

bb_fgetattr(path="/.new.swp", statbuf=0x23ffecf0, fi=0x23ffee30)
    flags = 0x000280c2
    fh_old = 0x00000000
    writepage = 0
    direct_io = 0
    keep_cache = 0
    fh = 0x0000000000000016
    lock_owner = 0x0000000000000000
    st_dev = 2049
    st_ino = 1458141
    st_mode = 0100600 
    st_nlink =    1
    st_uid = 0
    st_gid = 0
    st_rdev = 0
    st_size =         0
    st_blksize = 4096
    st_blocks = 0
    st_atime = 0x51934cdf
    st_mtime = 0x51934cdf
    st_ctime = 0x51934cdf

bb_getxattr(path = "/.new.swp", name = "security.capability", value = 0x00000000, size = 0)
    bb_fullpath:  rootdir = "/root/hsm_fuse/example/rootdir", path = "/.new.swp", fpath = "/root/hsm_fuse/example/rootdir/.new.swp"

bb_write(path="/.new.swp", buf=0x2eccf060, size=4096, offset=0, fi=0x28b2de30)
    flags = 0x00028002
    fh_old = 0x00000016
    writepage = 0
    direct_io = 0
    keep_cache = 0
    fh = 0x0000000000000016
    lock_owner = 0x0000000000000000
    bb_fullpath:  rootdir = "/root/hsm_fuse/example/rootdir", path = "/.new.swp", fpath = "/root/hsm_fuse/example/rootdir/.new.swp"

bb_opendir(path="/", fi=0x2932ed70)
    bb_fullpath:  rootdir = "/root/hsm_fuse/example/rootdir", path = "/", fpath = "/root/hsm_fuse/example/rootdir/"
    flags = 0x00008000
    fh_old = 0x00000000
    writepage = 0
    direct_io = 0
    keep_cache = 0
    fh = 0x00007f872408daf0
    lock_owner = 0x0000000000000000

bb_access(path="/", mask=01)
    bb_fullpath:  rootdir = "/root/hsm_fuse/example/rootdir", path = "/", fpath = "/root/hsm_fuse/example/rootdir/"

bb_access(path="/", mask=01)
    bb_fullpath:  rootdir = "/root/hsm_fuse/example/rootdir", path = "/", fpath = "/root/hsm_fuse/example/rootdir/"

bb_releasedir(path="/", fi=0x2932ed80)
    flags = 0x00000000
    fh_old = 0x7f872408daf0
    writepage = 0
    direct_io = 0
    keep_cache = 0
    fh = 0x00007f872408daf0
    lock_owner = 0x0000000000000000
    bb_fullpath:  rootdir = "/root/hsm_fuse/example/rootdir", path = "/new", fpath = "/root/hsm_fuse/example/rootdir/new"
    ERROR bb_getattr lstat: No such file or directory
    bb_fullpath:  rootdir = "/root/hsm_fuse/example/rootdir", path = "/new", fpath = "/root/hsm_fuse/example/rootdir/new"
    ERROR bb_getattr lstat: No such file or directory
    bb_fullpath:  rootdir = "/root/hsm_fuse/example/rootdir", path = "/new", fpath = "/root/hsm_fuse/example/rootdir/new"
    ERROR bb_getattr lstat: No such file or directory

bb_getxattr(path = "/.new.swp", name = "security.capability", value = 0x00000000, size = 0)
    bb_fullpath:  rootdir = "/root/hsm_fuse/example/rootdir", path = "/.new.swp", fpath = "/root/hsm_fuse/example/rootdir/.new.swp"

bb_write(path="/.new.swp", buf=0x2eccf060, size=4096, offset=0, fi=0x28b2de30)
    flags = 0x00028002
    fh_old = 0x00000016
    writepage = 0
    direct_io = 0
    keep_cache = 0
    fh = 0x0000000000000016
    lock_owner = 0x0000000000000000
    bb_fullpath:  rootdir = "/root/hsm_fuse/example/rootdir", path = "/.new.swp", fpath = "/root/hsm_fuse/example/rootdir/.new.swp"
    bb_fullpath:  rootdir = "/root/hsm_fuse/example/rootdir", path = "/new", fpath = "/root/hsm_fuse/example/rootdir/new"
    ERROR bb_getattr lstat: No such file or directory
    bb_fullpath:  rootdir = "/root/hsm_fuse/example/rootdir", path = "/new", fpath = "/root/hsm_fuse/example/rootdir/new"
    ERROR bb_getattr lstat: No such file or directory
    bb_fullpath:  rootdir = "/root/hsm_fuse/example/rootdir", path = "/new", fpath = "/root/hsm_fuse/example/rootdir/new"
    ERROR bb_getattr lstat: No such file or directory
    bb_fullpath:  rootdir = "/root/hsm_fuse/example/rootdir", path = "/new", fpath = "/root/hsm_fuse/example/rootdir/new"
    ERROR bb_getattr lstat: No such file or directory

bb_create(path="/new", mode=0100644, fi=0x237fde30)
    bb_fullpath:  rootdir = "/root/hsm_fuse/example/rootdir", path = "/new", fpath = "/root/hsm_fuse/example/rootdir/new"

curl(url=https://192.168.88.14:8080/auth/v1.0, token=X-Auth-Token: AUTH_tke2100e60381d4f4fbd20c18a5b750f0f, path=/new)
    flags = 0x00008241
    fh_old = 0x00000000
    writepage = 0
    direct_io = 0
    keep_cache = 0
    fh = 0x000000000000001d
    lock_owner = 0x0000000000000000

bb_fgetattr(path="/new", statbuf=0x237fdcf0, fi=0x237fde30)
    flags = 0x00008241
    fh_old = 0x00000000
    writepage = 0
    direct_io = 0
    keep_cache = 0
    fh = 0x000000000000001d
    lock_owner = 0x0000000000000000
    st_dev = 2049
    st_ino = 1458142
    st_mode = 0100644 
    st_nlink =    1
    st_uid = 0
    st_gid = 0
    st_rdev = 0
    st_size =         0
    st_blksize = 4096
    st_blocks = 0
    st_atime = 0x51934ce2
    st_mtime = 0x51934ce2
    st_ctime = 0x51934ce2

bb_getxattr(path = "/new", name = "security.capability", value = 0x00000000, size = 0)
    bb_fullpath:  rootdir = "/root/hsm_fuse/example/rootdir", path = "/new", fpath = "/root/hsm_fuse/example/rootdir/new"

bb_write(path="/new", buf=0x2ecf1060, size=4, offset=0, fi=0x2932ee30)
    flags = 0x00008001
    fh_old = 0x0000001d
    writepage = 0
    direct_io = 0
    keep_cache = 0
    fh = 0x000000000000001d
    lock_owner = 0x0000000000000000
    bb_fullpath:  rootdir = "/root/hsm_fuse/example/rootdir", path = "/new", fpath = "/root/hsm_fuse/example/rootdir/new"

bb_fsync(path="/new", datasync=0, fi=0x28b2de30)
    flags = 0x00000000
    fh_old = 0x0000001d
    writepage = 0
    direct_io = 0
    keep_cache = 0
    fh = 0x000000000000001d
    lock_owner = 0x0000000000000000
    bb_fullpath:  rootdir = "/root/hsm_fuse/example/rootdir", path = "/new", fpath = "/root/hsm_fuse/example/rootdir/new"

bb_flush(path="/new", fi=0x23ffee30)
    flags = 0x00000000
    fh_old = 0x0000001d
    writepage = 0
    direct_io = 0
    keep_cache = 0
    fh = 0x000000000000001d
    lock_owner = 0x083ddf1a9bcf918c

bb_release(path="/new", fi=0x23ffee30)
    flags = 0x00008001
    fh_old = 0x0000001d
    writepage = 0
    direct_io = 0
    keep_cache = 0
    fh = 0x000000000000001d
    lock_owner = 0x0000000000000000

bb_getxattr(path = "/.new.swp", name = "security.capability", value = 0x00000000, size = 0)
    bb_fullpath:  rootdir = "/root/hsm_fuse/example/rootdir", path = "/.new.swp", fpath = "/root/hsm_fuse/example/rootdir/.new.swp"

bb_write(path="/.new.swp", buf=0x2eccf060, size=4096, offset=0, fi=0x28b2de30)
    flags = 0x00028002
    fh_old = 0x00000016
    writepage = 0
    direct_io = 0
    keep_cache = 0
    fh = 0x0000000000000016
    lock_owner = 0x0000000000000000
    bb_fullpath:  rootdir = "/root/hsm_fuse/example/rootdir", path = "/.new.swp", fpath = "/root/hsm_fuse/example/rootdir/.new.swp"

bb_flush(path="/.new.swp", fi=0x28b2de30)
    flags = 0x00000000
    fh_old = 0x00000016
    writepage = 0
    direct_io = 0
    keep_cache = 0
    fh = 0x0000000000000016
    lock_owner = 0x083ddf1a9bcf918c

bb_release(path="/.new.swp", fi=0x23ffee30)
    flags = 0x00028002
    fh_old = 0x00000016
    writepage = 0
    direct_io = 0
    keep_cache = 0
    fh = 0x0000000000000016
    lock_owner = 0x0000000000000000
    bb_fullpath:  rootdir = "/root/hsm_fuse/example/rootdir", path = "/.new.swp", fpath = "/root/hsm_fuse/example/rootdir/.new.swp"
bb_unlink(path="/.new.swp")
    bb_fullpath:  rootdir = "/root/hsm_fuse/example/rootdir", path = "/.new.swp", fpath = "/root/hsm_fuse/example/rootdir/.new.swp"

bb_access(path="/", mask=01)
    bb_fullpath:  rootdir = "/root/hsm_fuse/example/rootdir", path = "/", fpath = "/root/hsm_fuse/example/rootdir/"

bb_access(path="/", mask=01)
    bb_fullpath:  rootdir = "/root/hsm_fuse/example/rootdir", path = "/", fpath = "/root/hsm_fuse/example/rootdir/"
    bb_fullpath:  rootdir = "/root/hsm_fuse/example/rootdir", path = "/new_1", fpath = "/root/hsm_fuse/example/rootdir/new_1"
    ERROR bb_getattr lstat: No such file or directory

bb_opendir(path="/", fi=0x23ffed70)
    bb_fullpath:  rootdir = "/root/hsm_fuse/example/rootdir", path = "/", fpath = "/root/hsm_fuse/example/rootdir/"
    flags = 0x00008000
    fh_old = 0x00000000
    writepage = 0
    direct_io = 0
    keep_cache = 0
    fh = 0x00007f8718069060
    lock_owner = 0x0000000000000000

bb_access(path="/", mask=01)
    bb_fullpath:  rootdir = "/root/hsm_fuse/example/rootdir", path = "/", fpath = "/root/hsm_fuse/example/rootdir/"

bb_access(path="/", mask=01)
    bb_fullpath:  rootdir = "/root/hsm_fuse/example/rootdir", path = "/", fpath = "/root/hsm_fuse/example/rootdir/"

bb_releasedir(path="/", fi=0x28b2dd80)
    flags = 0x00000000
    fh_old = 0x7f8718069060
    writepage = 0
    direct_io = 0
    keep_cache = 0
    fh = 0x00007f8718069060
    lock_owner = 0x0000000000000000

bb_opendir(path="/", fi=0x23ffed70)
    bb_fullpath:  rootdir = "/root/hsm_fuse/example/rootdir", path = "/", fpath = "/root/hsm_fuse/example/rootdir/"
    flags = 0x00008000
    fh_old = 0x00000000
    writepage = 0
    direct_io = 0
    keep_cache = 0
    fh = 0x00007f8718069060
    lock_owner = 0x0000000000000000

bb_access(path="/", mask=01)
    bb_fullpath:  rootdir = "/root/hsm_fuse/example/rootdir", path = "/", fpath = "/root/hsm_fuse/example/rootdir/"

bb_access(path="/", mask=01)
    bb_fullpath:  rootdir = "/root/hsm_fuse/example/rootdir", path = "/", fpath = "/root/hsm_fuse/example/rootdir/"

bb_releasedir(path="/", fi=0x28b2dd80)
    flags = 0x00000000
    fh_old = 0x7f8718069060
    writepage = 0
    direct_io = 0
    keep_cache = 0
    fh = 0x00007f8718069060
    lock_owner = 0x0000000000000000

bb_opendir(path="/", fi=0x23ffed70)
    bb_fullpath:  rootdir = "/root/hsm_fuse/example/rootdir", path = "/", fpath = "/root/hsm_fuse/example/rootdir/"
    flags = 0x00008000
    fh_old = 0x00000000
    writepage = 0
    direct_io = 0
    keep_cache = 0
    fh = 0x00007f8718069060
    lock_owner = 0x0000000000000000

bb_access(path="/", mask=01)
    bb_fullpath:  rootdir = "/root/hsm_fuse/example/rootdir", path = "/", fpath = "/root/hsm_fuse/example/rootdir/"

bb_access(path="/", mask=01)
    bb_fullpath:  rootdir = "/root/hsm_fuse/example/rootdir", path = "/", fpath = "/root/hsm_fuse/example/rootdir/"

bb_releasedir(path="/", fi=0x28b2dd80)
    flags = 0x00000000
    fh_old = 0x7f8718069060
    writepage = 0
    direct_io = 0
    keep_cache = 0
    fh = 0x00007f8718069060
    lock_owner = 0x0000000000000000

bb_opendir(path="/", fi=0x23ffed70)
    bb_fullpath:  rootdir = "/root/hsm_fuse/example/rootdir", path = "/", fpath = "/root/hsm_fuse/example/rootdir/"
    flags = 0x00008000
    fh_old = 0x00000000
    writepage = 0
    direct_io = 0
    keep_cache = 0
    fh = 0x00007f8718069060
    lock_owner = 0x0000000000000000

bb_access(path="/", mask=01)
    bb_fullpath:  rootdir = "/root/hsm_fuse/example/rootdir", path = "/", fpath = "/root/hsm_fuse/example/rootdir/"

bb_access(path="/", mask=01)
    bb_fullpath:  rootdir = "/root/hsm_fuse/example/rootdir", path = "/", fpath = "/root/hsm_fuse/example/rootdir/"

bb_releasedir(path="/", fi=0x28b2dd80)
    flags = 0x00000000
    fh_old = 0x7f8718069060
    writepage = 0
    direct_io = 0
    keep_cache = 0
    fh = 0x00007f8718069060
    lock_owner = 0x0000000000000000

bb_opendir(path="/", fi=0x23ffed70)
    bb_fullpath:  rootdir = "/root/hsm_fuse/example/rootdir", path = "/", fpath = "/root/hsm_fuse/example/rootdir/"
    flags = 0x00008000
    fh_old = 0x00000000
    writepage = 0
    direct_io = 0
    keep_cache = 0
    fh = 0x00007f8718069060
    lock_owner = 0x0000000000000000

bb_access(path="/", mask=01)
    bb_fullpath:  rootdir = "/root/hsm_fuse/example/rootdir", path = "/", fpath = "/root/hsm_fuse/example/rootdir/"

bb_access(path="/", mask=01)
    bb_fullpath:  rootdir = "/root/hsm_fuse/example/rootdir", path = "/", fpath = "/root/hsm_fuse/example/rootdir/"

bb_releasedir(path="/", fi=0x28b2dd80)
    flags = 0x00000000
    fh_old = 0x7f8718069060
    writepage = 0
    direct_io = 0
    keep_cache = 0
    fh = 0x00007f8718069060
    lock_owner = 0x0000000000000000

bb_opendir(path="/", fi=0x23ffed70)
    bb_fullpath:  rootdir = "/root/hsm_fuse/example/rootdir", path = "/", fpath = "/root/hsm_fuse/example/rootdir/"
    flags = 0x00008000
    fh_old = 0x00000000
    writepage = 0
    direct_io = 0
    keep_cache = 0
    fh = 0x00007f8718069060
    lock_owner = 0x0000000000000000

bb_access(path="/", mask=01)
    bb_fullpath:  rootdir = "/root/hsm_fuse/example/rootdir", path = "/", fpath = "/root/hsm_fuse/example/rootdir/"

bb_access(path="/", mask=01)
    bb_fullpath:  rootdir = "/root/hsm_fuse/example/rootdir", path = "/", fpath = "/root/hsm_fuse/example/rootdir/"

bb_releasedir(path="/", fi=0x28b2dd80)
    flags = 0x00000000
    fh_old = 0x7f8718069060
    writepage = 0
    direct_io = 0
    keep_cache = 0
    fh = 0x00007f8718069060
    lock_owner = 0x0000000000000000

bb_opendir(path="/", fi=0x23ffed70)
    bb_fullpath:  rootdir = "/root/hsm_fuse/example/rootdir", path = "/", fpath = "/root/hsm_fuse/example/rootdir/"
    flags = 0x00008000
    fh_old = 0x00000000
    writepage = 0
    direct_io = 0
    keep_cache = 0
    fh = 0x00007f8718069060
    lock_owner = 0x0000000000000000

bb_access(path="/", mask=01)
    bb_fullpath:  rootdir = "/root/hsm_fuse/example/rootdir", path = "/", fpath = "/root/hsm_fuse/example/rootdir/"

bb_access(path="/", mask=01)
    bb_fullpath:  rootdir = "/root/hsm_fuse/example/rootdir", path = "/", fpath = "/root/hsm_fuse/example/rootdir/"

bb_releasedir(path="/", fi=0x28b2dd80)
    flags = 0x00000000
    fh_old = 0x7f8718069060
    writepage = 0
    direct_io = 0
    keep_cache = 0
    fh = 0x00007f8718069060
    lock_owner = 0x0000000000000000

bb_opendir(path="/", fi=0x23ffed70)
    bb_fullpath:  rootdir = "/root/hsm_fuse/example/rootdir", path = "/", fpath = "/root/hsm_fuse/example/rootdir/"
    flags = 0x00008000
    fh_old = 0x00000000
    writepage = 0
    direct_io = 0
    keep_cache = 0
    fh = 0x00007f8718069060
    lock_owner = 0x0000000000000000

bb_access(path="/", mask=01)
    bb_fullpath:  rootdir = "/root/hsm_fuse/example/rootdir", path = "/", fpath = "/root/hsm_fuse/example/rootdir/"

bb_access(path="/", mask=01)
    bb_fullpath:  rootdir = "/root/hsm_fuse/example/rootdir", path = "/", fpath = "/root/hsm_fuse/example/rootdir/"

bb_releasedir(path="/", fi=0x28b2dd80)
    flags = 0x00000000
    fh_old = 0x7f8718069060
    writepage = 0
    direct_io = 0
    keep_cache = 0
    fh = 0x00007f8718069060
    lock_owner = 0x0000000000000000

bb_opendir(path="/", fi=0x23ffed70)
    bb_fullpath:  rootdir = "/root/hsm_fuse/example/rootdir", path = "/", fpath = "/root/hsm_fuse/example/rootdir/"
    flags = 0x00008000
    fh_old = 0x00000000
    writepage = 0
    direct_io = 0
    keep_cache = 0
    fh = 0x00007f8718069060
    lock_owner = 0x0000000000000000

bb_access(path="/", mask=01)
    bb_fullpath:  rootdir = "/root/hsm_fuse/example/rootdir", path = "/", fpath = "/root/hsm_fuse/example/rootdir/"

bb_access(path="/", mask=01)
    bb_fullpath:  rootdir = "/root/hsm_fuse/example/rootdir", path = "/", fpath = "/root/hsm_fuse/example/rootdir/"

bb_releasedir(path="/", fi=0x28b2dd80)
    flags = 0x00000000
    fh_old = 0x7f8718069060
    writepage = 0
    direct_io = 0
    keep_cache = 0
    fh = 0x00007f8718069060
    lock_owner = 0x0000000000000000

bb_opendir(path="/", fi=0x23ffed70)
    bb_fullpath:  rootdir = "/root/hsm_fuse/example/rootdir", path = "/", fpath = "/root/hsm_fuse/example/rootdir/"
    flags = 0x00008000
    fh_old = 0x00000000
    writepage = 0
    direct_io = 0
    keep_cache = 0
    fh = 0x00007f8718069060
    lock_owner = 0x0000000000000000

bb_access(path="/", mask=01)
    bb_fullpath:  rootdir = "/root/hsm_fuse/example/rootdir", path = "/", fpath = "/root/hsm_fuse/example/rootdir/"

bb_access(path="/", mask=01)
    bb_fullpath:  rootdir = "/root/hsm_fuse/example/rootdir", path = "/", fpath = "/root/hsm_fuse/example/rootdir/"

bb_releasedir(path="/", fi=0x28b2dd80)
    flags = 0x00000000
    fh_old = 0x7f8718069060
    writepage = 0
    direct_io = 0
    keep_cache = 0
    fh = 0x00007f8718069060
    lock_owner = 0x0000000000000000

bb_opendir(path="/", fi=0x23ffed70)
    bb_fullpath:  rootdir = "/root/hsm_fuse/example/rootdir", path = "/", fpath = "/root/hsm_fuse/example/rootdir/"
    flags = 0x00008000
    fh_old = 0x00000000
    writepage = 0
    direct_io = 0
    keep_cache = 0
    fh = 0x00007f8718069060
    lock_owner = 0x0000000000000000

bb_access(path="/", mask=01)
    bb_fullpath:  rootdir = "/root/hsm_fuse/example/rootdir", path = "/", fpath = "/root/hsm_fuse/example/rootdir/"

bb_access(path="/", mask=01)
    bb_fullpath:  rootdir = "/root/hsm_fuse/example/rootdir", path = "/", fpath = "/root/hsm_fuse/example/rootdir/"

bb_releasedir(path="/", fi=0x28b2dd80)
    flags = 0x00000000
    fh_old = 0x7f8718069060
    writepage = 0
    direct_io = 0
    keep_cache = 0
    fh = 0x00007f8718069060
    lock_owner = 0x0000000000000000

bb_opendir(path="/", fi=0x23ffed70)
    bb_fullpath:  rootdir = "/root/hsm_fuse/example/rootdir", path = "/", fpath = "/root/hsm_fuse/example/rootdir/"
    flags = 0x00008000
    fh_old = 0x00000000
    writepage = 0
    direct_io = 0
    keep_cache = 0
    fh = 0x00007f8718069060
    lock_owner = 0x0000000000000000

bb_access(path="/", mask=01)
    bb_fullpath:  rootdir = "/root/hsm_fuse/example/rootdir", path = "/", fpath = "/root/hsm_fuse/example/rootdir/"

bb_access(path="/", mask=01)
    bb_fullpath:  rootdir = "/root/hsm_fuse/example/rootdir", path = "/", fpath = "/root/hsm_fuse/example/rootdir/"

bb_releasedir(path="/", fi=0x28b2dd80)
    flags = 0x00000000
    fh_old = 0x7f8718069060
    writepage = 0
    direct_io = 0
    keep_cache = 0
    fh = 0x00007f8718069060
    lock_owner = 0x0000000000000000

bb_opendir(path="/", fi=0x23ffed70)
    bb_fullpath:  rootdir = "/root/hsm_fuse/example/rootdir", path = "/", fpath = "/root/hsm_fuse/example/rootdir/"
    flags = 0x00008000
    fh_old = 0x00000000
    writepage = 0
    direct_io = 0
    keep_cache = 0
    fh = 0x00007f8718069060
    lock_owner = 0x0000000000000000

bb_access(path="/", mask=01)
    bb_fullpath:  rootdir = "/root/hsm_fuse/example/rootdir", path = "/", fpath = "/root/hsm_fuse/example/rootdir/"

bb_access(path="/", mask=01)
    bb_fullpath:  rootdir = "/root/hsm_fuse/example/rootdir", path = "/", fpath = "/root/hsm_fuse/example/rootdir/"

bb_releasedir(path="/", fi=0x28b2dd80)
    flags = 0x00000000
    fh_old = 0x7f8718069060
    writepage = 0
    direct_io = 0
    keep_cache = 0
    fh = 0x00007f8718069060
    lock_owner = 0x0000000000000000

bb_opendir(path="/", fi=0x23ffed70)
    bb_fullpath:  rootdir = "/root/hsm_fuse/example/rootdir", path = "/", fpath = "/root/hsm_fuse/example/rootdir/"
    flags = 0x00008000
    fh_old = 0x00000000
    writepage = 0
    direct_io = 0
    keep_cache = 0
    fh = 0x00007f8718069060
    lock_owner = 0x0000000000000000

bb_access(path="/", mask=01)
    bb_fullpath:  rootdir = "/root/hsm_fuse/example/rootdir", path = "/", fpath = "/root/hsm_fuse/example/rootdir/"

bb_access(path="/", mask=01)
    bb_fullpath:  rootdir = "/root/hsm_fuse/example/rootdir", path = "/", fpath = "/root/hsm_fuse/example/rootdir/"

bb_releasedir(path="/", fi=0x28b2dd80)
    flags = 0x00000000
    fh_old = 0x7f8718069060
    writepage = 0
    direct_io = 0
    keep_cache = 0
    fh = 0x00007f8718069060
    lock_owner = 0x0000000000000000

bb_opendir(path="/", fi=0x23ffed70)
    bb_fullpath:  rootdir = "/root/hsm_fuse/example/rootdir", path = "/", fpath = "/root/hsm_fuse/example/rootdir/"
    flags = 0x00008000
    fh_old = 0x00000000
    writepage = 0
    direct_io = 0
    keep_cache = 0
    fh = 0x00007f8718069060
    lock_owner = 0x0000000000000000

bb_access(path="/", mask=01)
    bb_fullpath:  rootdir = "/root/hsm_fuse/example/rootdir", path = "/", fpath = "/root/hsm_fuse/example/rootdir/"

bb_access(path="/", mask=01)
    bb_fullpath:  rootdir = "/root/hsm_fuse/example/rootdir", path = "/", fpath = "/root/hsm_fuse/example/rootdir/"

bb_releasedir(path="/", fi=0x28b2dd80)
    flags = 0x00000000
    fh_old = 0x7f8718069060
    writepage = 0
    direct_io = 0
    keep_cache = 0
    fh = 0x00007f8718069060
    lock_owner = 0x0000000000000000

bb_opendir(path="/", fi=0x23ffed70)
    bb_fullpath:  rootdir = "/root/hsm_fuse/example/rootdir", path = "/", fpath = "/root/hsm_fuse/example/rootdir/"
    flags = 0x00008000
    fh_old = 0x00000000
    writepage = 0
    direct_io = 0
    keep_cache = 0
    fh = 0x00007f8718069060
    lock_owner = 0x0000000000000000

bb_access(path="/", mask=01)
    bb_fullpath:  rootdir = "/root/hsm_fuse/example/rootdir", path = "/", fpath = "/root/hsm_fuse/example/rootdir/"

bb_access(path="/", mask=01)
    bb_fullpath:  rootdir = "/root/hsm_fuse/example/rootdir", path = "/", fpath = "/root/hsm_fuse/example/rootdir/"

bb_releasedir(path="/", fi=0x28b2dd80)
    flags = 0x00000000
    fh_old = 0x7f8718069060
    writepage = 0
    direct_io = 0
    keep_cache = 0
    fh = 0x00007f8718069060
    lock_owner = 0x0000000000000000

bb_opendir(path="/", fi=0x23ffed70)
    bb_fullpath:  rootdir = "/root/hsm_fuse/example/rootdir", path = "/", fpath = "/root/hsm_fuse/example/rootdir/"
    flags = 0x00008000
    fh_old = 0x00000000
    writepage = 0
    direct_io = 0
    keep_cache = 0
    fh = 0x00007f8718069060
    lock_owner = 0x0000000000000000

bb_access(path="/", mask=01)
    bb_fullpath:  rootdir = "/root/hsm_fuse/example/rootdir", path = "/", fpath = "/root/hsm_fuse/example/rootdir/"

bb_access(path="/", mask=01)
    bb_fullpath:  rootdir = "/root/hsm_fuse/example/rootdir", path = "/", fpath = "/root/hsm_fuse/example/rootdir/"

bb_releasedir(path="/", fi=0x28b2dd80)
    flags = 0x00000000
    fh_old = 0x7f8718069060
    writepage = 0
    direct_io = 0
    keep_cache = 0
    fh = 0x00007f8718069060
    lock_owner = 0x0000000000000000

bb_opendir(path="/", fi=0x23ffed70)
    bb_fullpath:  rootdir = "/root/hsm_fuse/example/rootdir", path = "/", fpath = "/root/hsm_fuse/example/rootdir/"
    flags = 0x00008000
    fh_old = 0x00000000
    writepage = 0
    direct_io = 0
    keep_cache = 0
    fh = 0x00007f8718069060
    lock_owner = 0x0000000000000000

bb_access(path="/", mask=01)
    bb_fullpath:  rootdir = "/root/hsm_fuse/example/rootdir", path = "/", fpath = "/root/hsm_fuse/example/rootdir/"

bb_access(path="/", mask=01)
    bb_fullpath:  rootdir = "/root/hsm_fuse/example/rootdir", path = "/", fpath = "/root/hsm_fuse/example/rootdir/"

bb_releasedir(path="/", fi=0x28b2dd80)
    flags = 0x00000000
    fh_old = 0x7f8718069060
    writepage = 0
    direct_io = 0
    keep_cache = 0
    fh = 0x00007f8718069060
    lock_owner = 0x0000000000000000

bb_opendir(path="/", fi=0x23ffed70)
    bb_fullpath:  rootdir = "/root/hsm_fuse/example/rootdir", path = "/", fpath = "/root/hsm_fuse/example/rootdir/"
    flags = 0x00008000
    fh_old = 0x00000000
    writepage = 0
    direct_io = 0
    keep_cache = 0
    fh = 0x00007f8718069060
    lock_owner = 0x0000000000000000

bb_access(path="/", mask=01)
    bb_fullpath:  rootdir = "/root/hsm_fuse/example/rootdir", path = "/", fpath = "/root/hsm_fuse/example/rootdir/"

bb_access(path="/", mask=01)
    bb_fullpath:  rootdir = "/root/hsm_fuse/example/rootdir", path = "/", fpath = "/root/hsm_fuse/example/rootdir/"

bb_releasedir(path="/", fi=0x28b2dd80)
    flags = 0x00000000
    fh_old = 0x7f8718069060
    writepage = 0
    direct_io = 0
    keep_cache = 0
    fh = 0x00007f8718069060
    lock_owner = 0x0000000000000000

bb_opendir(path="/", fi=0x23ffed70)
    bb_fullpath:  rootdir = "/root/hsm_fuse/example/rootdir", path = "/", fpath = "/root/hsm_fuse/example/rootdir/"
    flags = 0x00008000
    fh_old = 0x00000000
    writepage = 0
    direct_io = 0
    keep_cache = 0
    fh = 0x00007f8718069060
    lock_owner = 0x0000000000000000

bb_access(path="/", mask=01)
    bb_fullpath:  rootdir = "/root/hsm_fuse/example/rootdir", path = "/", fpath = "/root/hsm_fuse/example/rootdir/"

bb_access(path="/", mask=01)
    bb_fullpath:  rootdir = "/root/hsm_fuse/example/rootdir", path = "/", fpath = "/root/hsm_fuse/example/rootdir/"

bb_releasedir(path="/", fi=0x28b2dd80)
    flags = 0x00000000
    fh_old = 0x7f8718069060
    writepage = 0
    direct_io = 0
    keep_cache = 0
    fh = 0x00007f8718069060
    lock_owner = 0x0000000000000000

bb_opendir(path="/", fi=0x23ffed70)
    bb_fullpath:  rootdir = "/root/hsm_fuse/example/rootdir", path = "/", fpath = "/root/hsm_fuse/example/rootdir/"
    flags = 0x00008000
    fh_old = 0x00000000
    writepage = 0
    direct_io = 0
    keep_cache = 0
    fh = 0x00007f8718069060
    lock_owner = 0x0000000000000000

bb_access(path="/", mask=01)
    bb_fullpath:  rootdir = "/root/hsm_fuse/example/rootdir", path = "/", fpath = "/root/hsm_fuse/example/rootdir/"

bb_access(path="/", mask=01)
    bb_fullpath:  rootdir = "/root/hsm_fuse/example/rootdir", path = "/", fpath = "/root/hsm_fuse/example/rootdir/"

bb_releasedir(path="/", fi=0x28b2dd80)
    flags = 0x00000000
    fh_old = 0x7f8718069060
    writepage = 0
    direct_io = 0
    keep_cache = 0
    fh = 0x00007f8718069060
    lock_owner = 0x0000000000000000
    bb_fullpath:  rootdir = "/root/hsm_fuse/example/rootdir", path = "/new_1", fpath = "/root/hsm_fuse/example/rootdir/new_1"
    ERROR bb_getattr lstat: No such file or directory
    bb_fullpath:  rootdir = "/root/hsm_fuse/example/rootdir", path = "/new_1", fpath = "/root/hsm_fuse/example/rootdir/new_1"
    ERROR bb_getattr lstat: No such file or directory
    bb_fullpath:  rootdir = "/root/hsm_fuse/example/rootdir", path = "/new_1", fpath = "/root/hsm_fuse/example/rootdir/new_1"
    ERROR bb_getattr lstat: No such file or directory
    bb_fullpath:  rootdir = "/root/hsm_fuse/example/rootdir", path = "/new_1", fpath = "/root/hsm_fuse/example/rootdir/new_1"
    ERROR bb_getattr lstat: No such file or directory
    bb_fullpath:  rootdir = "/root/hsm_fuse/example/rootdir", path = "/new_1", fpath = "/root/hsm_fuse/example/rootdir/new_1"
    ERROR bb_getattr lstat: No such file or directory
    bb_fullpath:  rootdir = "/root/hsm_fuse/example/rootdir", path = "/new_1", fpath = "/root/hsm_fuse/example/rootdir/new_1"
    ERROR bb_getattr lstat: No such file or directory
    bb_fullpath:  rootdir = "/root/hsm_fuse/example/rootdir", path = "/.new_1.swp", fpath = "/root/hsm_fuse/example/rootdir/.new_1.swp"
    ERROR bb_getattr lstat: No such file or directory
    bb_fullpath:  rootdir = "/root/hsm_fuse/example/rootdir", path = "/.new_1.swp", fpath = "/root/hsm_fuse/example/rootdir/.new_1.swp"
    ERROR bb_getattr lstat: No such file or directory

bb_create(path="/.new_1.swp", mode=0100600, fi=0x23ffee30)
    bb_fullpath:  rootdir = "/root/hsm_fuse/example/rootdir", path = "/.new_1.swp", fpath = "/root/hsm_fuse/example/rootdir/.new_1.swp"

curl(url=https://192.168.88.14:8080/auth/v1.0, token=X-Auth-Token: AUTH_tke2100e60381d4f4fbd20c18a5b750f0f, path=/.new_1.swp)
    flags = 0x000080c2
    fh_old = 0x00000000
    writepage = 0
    direct_io = 0
    keep_cache = 0
    fh = 0x0000000000000024
    lock_owner = 0x0000000000000000

bb_fgetattr(path="/.new_1.swp", statbuf=0x23ffecf0, fi=0x23ffee30)
    flags = 0x000080c2
    fh_old = 0x00000000
    writepage = 0
    direct_io = 0
    keep_cache = 0
    fh = 0x0000000000000024
    lock_owner = 0x0000000000000000
    st_dev = 2049
    st_ino = 1458141
    st_mode = 0100600 
    st_nlink =    1
    st_uid = 0
    st_gid = 0
    st_rdev = 0
    st_size =         0
    st_blksize = 4096
    st_blocks = 0
    st_atime = 0x51934ce5
    st_mtime = 0x51934ce5
    st_ctime = 0x51934ce5
    bb_fullpath:  rootdir = "/root/hsm_fuse/example/rootdir", path = "/.new_1.swpx", fpath = "/root/hsm_fuse/example/rootdir/.new_1.swpx"
    ERROR bb_getattr lstat: No such file or directory
    bb_fullpath:  rootdir = "/root/hsm_fuse/example/rootdir", path = "/.new_1.swpx", fpath = "/root/hsm_fuse/example/rootdir/.new_1.swpx"
    ERROR bb_getattr lstat: No such file or directory

bb_create(path="/.new_1.swpx", mode=0100600, fi=0x28b2de30)
    bb_fullpath:  rootdir = "/root/hsm_fuse/example/rootdir", path = "/.new_1.swpx", fpath = "/root/hsm_fuse/example/rootdir/.new_1.swpx"

curl(url=https://192.168.88.14:8080/auth/v1.0, token=X-Auth-Token: AUTH_tke2100e60381d4f4fbd20c18a5b750f0f, path=/.new_1.swpx)
    flags = 0x000080c2
    fh_old = 0x00000000
    writepage = 0
    direct_io = 0
    keep_cache = 0
    fh = 0x0000000000000027
    lock_owner = 0x0000000000000000

bb_fgetattr(path="/.new_1.swpx", statbuf=0x28b2dcf0, fi=0x28b2de30)
    flags = 0x000080c2
    fh_old = 0x00000000
    writepage = 0
    direct_io = 0
    keep_cache = 0
    fh = 0x0000000000000027
    lock_owner = 0x0000000000000000
    st_dev = 2049
    st_ino = 1458144
    st_mode = 0100600 
    st_nlink =    1
    st_uid = 0
    st_gid = 0
    st_rdev = 0
    st_size =         0
    st_blksize = 4096
    st_blocks = 0
    st_atime = 0x51934ce5
    st_mtime = 0x51934ce5
    st_ctime = 0x51934ce5

bb_flush(path="/.new_1.swpx", fi=0x2932ee30)
    flags = 0x00000000
    fh_old = 0x00000027
    writepage = 0
    direct_io = 0
    keep_cache = 0
    fh = 0x0000000000000027
    lock_owner = 0x083ddf1a9bcf918c

bb_release(path="/.new_1.swpx", fi=0x237fde30)
    flags = 0x00008002
    fh_old = 0x00000027
    writepage = 0
    direct_io = 0
    keep_cache = 0
    fh = 0x0000000000000027
    lock_owner = 0x0000000000000000
bb_unlink(path="/.new_1.swpx")
    bb_fullpath:  rootdir = "/root/hsm_fuse/example/rootdir", path = "/.new_1.swpx", fpath = "/root/hsm_fuse/example/rootdir/.new_1.swpx"

bb_flush(path="/.new_1.swp", fi=0x23ffee30)
    flags = 0x00000000
    fh_old = 0x00000024
    writepage = 0
    direct_io = 0
    keep_cache = 0
    fh = 0x0000000000000024
    lock_owner = 0x083ddf1a9bcf918c

bb_release(path="/.new_1.swp", fi=0x22ffce30)
    flags = 0x00008002
    fh_old = 0x00000024
    writepage = 0
    direct_io = 0
    keep_cache = 0
    fh = 0x0000000000000024
    lock_owner = 0x0000000000000000
bb_unlink(path="/.new_1.swp")
    bb_fullpath:  rootdir = "/root/hsm_fuse/example/rootdir", path = "/.new_1.swp", fpath = "/root/hsm_fuse/example/rootdir/.new_1.swp"
    bb_fullpath:  rootdir = "/root/hsm_fuse/example/rootdir", path = "/.new_1.swp", fpath = "/root/hsm_fuse/example/rootdir/.new_1.swp"
    ERROR bb_getattr lstat: No such file or directory
    bb_fullpath:  rootdir = "/root/hsm_fuse/example/rootdir", path = "/.new_1.swp", fpath = "/root/hsm_fuse/example/rootdir/.new_1.swp"
    ERROR bb_getattr lstat: No such file or directory
    bb_fullpath:  rootdir = "/root/hsm_fuse/example/rootdir", path = "/.new_1.swp", fpath = "/root/hsm_fuse/example/rootdir/.new_1.swp"
    ERROR bb_getattr lstat: No such file or directory
    bb_fullpath:  rootdir = "/root/hsm_fuse/example/rootdir", path = "/.new_1.swp", fpath = "/root/hsm_fuse/example/rootdir/.new_1.swp"
    ERROR bb_getattr lstat: No such file or directory

bb_create(path="/.new_1.swp", mode=0100600, fi=0x23ffee30)
    bb_fullpath:  rootdir = "/root/hsm_fuse/example/rootdir", path = "/.new_1.swp", fpath = "/root/hsm_fuse/example/rootdir/.new_1.swp"

curl(url=https://192.168.88.14:8080/auth/v1.0, token=X-Auth-Token: AUTH_tke2100e60381d4f4fbd20c18a5b750f0f, path=/.new_1.swp)
    flags = 0x000280c2
    fh_old = 0x00000000
    writepage = 0
    direct_io = 0
    keep_cache = 0
    fh = 0x000000000000002c
    lock_owner = 0x0000000000000000

bb_fgetattr(path="/.new_1.swp", statbuf=0x23ffecf0, fi=0x23ffee30)
    flags = 0x000280c2
    fh_old = 0x00000000
    writepage = 0
    direct_io = 0
    keep_cache = 0
    fh = 0x000000000000002c
    lock_owner = 0x0000000000000000
    st_dev = 2049
    st_ino = 1458141
    st_mode = 0100600 
    st_nlink =    1
    st_uid = 0
    st_gid = 0
    st_rdev = 0
    st_size =         0
    st_blksize = 4096
    st_blocks = 0
    st_atime = 0x51934ce5
    st_mtime = 0x51934ce5
    st_ctime = 0x51934ce5

bb_getxattr(path = "/.new_1.swp", name = "security.capability", value = 0x00000000, size = 0)
    bb_fullpath:  rootdir = "/root/hsm_fuse/example/rootdir", path = "/.new_1.swp", fpath = "/root/hsm_fuse/example/rootdir/.new_1.swp"

bb_write(path="/.new_1.swp", buf=0x2ec8b060, size=4096, offset=0, fi=0x237fde30)
    flags = 0x00028002
    fh_old = 0x0000002c
    writepage = 0
    direct_io = 0
    keep_cache = 0
    fh = 0x000000000000002c
    lock_owner = 0x0000000000000000
    bb_fullpath:  rootdir = "/root/hsm_fuse/example/rootdir", path = "/.new_1.swp", fpath = "/root/hsm_fuse/example/rootdir/.new_1.swp"

bb_opendir(path="/", fi=0x2932ed70)
    bb_fullpath:  rootdir = "/root/hsm_fuse/example/rootdir", path = "/", fpath = "/root/hsm_fuse/example/rootdir/"
    flags = 0x00008000
    fh_old = 0x00000000
    writepage = 0
    direct_io = 0
    keep_cache = 0
    fh = 0x00007f872408daf0
    lock_owner = 0x0000000000000000

bb_access(path="/", mask=01)
    bb_fullpath:  rootdir = "/root/hsm_fuse/example/rootdir", path = "/", fpath = "/root/hsm_fuse/example/rootdir/"

bb_access(path="/", mask=01)
    bb_fullpath:  rootdir = "/root/hsm_fuse/example/rootdir", path = "/", fpath = "/root/hsm_fuse/example/rootdir/"

bb_releasedir(path="/", fi=0x22ffcd80)
    flags = 0x00000000
    fh_old = 0x7f872408daf0
    writepage = 0
    direct_io = 0
    keep_cache = 0
    fh = 0x00007f872408daf0
    lock_owner = 0x0000000000000000
    bb_fullpath:  rootdir = "/root/hsm_fuse/example/rootdir", path = "/new_1", fpath = "/root/hsm_fuse/example/rootdir/new_1"
    ERROR bb_getattr lstat: No such file or directory
    bb_fullpath:  rootdir = "/root/hsm_fuse/example/rootdir", path = "/new_1", fpath = "/root/hsm_fuse/example/rootdir/new_1"
    ERROR bb_getattr lstat: No such file or directory
    bb_fullpath:  rootdir = "/root/hsm_fuse/example/rootdir", path = "/new_1", fpath = "/root/hsm_fuse/example/rootdir/new_1"
    ERROR bb_getattr lstat: No such file or directory

bb_getxattr(path = "/.new_1.swp", name = "security.capability", value = 0x00000000, size = 0)
    bb_fullpath:  rootdir = "/root/hsm_fuse/example/rootdir", path = "/.new_1.swp", fpath = "/root/hsm_fuse/example/rootdir/.new_1.swp"

bb_write(path="/.new_1.swp", buf=0x2ecf1060, size=4096, offset=0, fi=0x2932ee30)
    flags = 0x00028002
    fh_old = 0x0000002c
    writepage = 0
    direct_io = 0
    keep_cache = 0
    fh = 0x000000000000002c
    lock_owner = 0x0000000000000000
    bb_fullpath:  rootdir = "/root/hsm_fuse/example/rootdir", path = "/.new_1.swp", fpath = "/root/hsm_fuse/example/rootdir/.new_1.swp"
    bb_fullpath:  rootdir = "/root/hsm_fuse/example/rootdir", path = "/new_1", fpath = "/root/hsm_fuse/example/rootdir/new_1"
    ERROR bb_getattr lstat: No such file or directory
    bb_fullpath:  rootdir = "/root/hsm_fuse/example/rootdir", path = "/new_1", fpath = "/root/hsm_fuse/example/rootdir/new_1"
    ERROR bb_getattr lstat: No such file or directory
    bb_fullpath:  rootdir = "/root/hsm_fuse/example/rootdir", path = "/new_1", fpath = "/root/hsm_fuse/example/rootdir/new_1"
    ERROR bb_getattr lstat: No such file or directory
    bb_fullpath:  rootdir = "/root/hsm_fuse/example/rootdir", path = "/new_1", fpath = "/root/hsm_fuse/example/rootdir/new_1"
    ERROR bb_getattr lstat: No such file or directory

bb_create(path="/new_1", mode=0100644, fi=0x2932ee30)
    bb_fullpath:  rootdir = "/root/hsm_fuse/example/rootdir", path = "/new_1", fpath = "/root/hsm_fuse/example/rootdir/new_1"

curl(url=https://192.168.88.14:8080/auth/v1.0, token=X-Auth-Token: AUTH_tke2100e60381d4f4fbd20c18a5b750f0f, path=/new_1)
    flags = 0x00008241
    fh_old = 0x00000000
    writepage = 0
    direct_io = 0
    keep_cache = 0
    fh = 0x0000000000000033
    lock_owner = 0x0000000000000000

bb_fgetattr(path="/new_1", statbuf=0x2932ecf0, fi=0x2932ee30)
    flags = 0x00008241
    fh_old = 0x00000000
    writepage = 0
    direct_io = 0
    keep_cache = 0
    fh = 0x0000000000000033
    lock_owner = 0x0000000000000000
    st_dev = 2049
    st_ino = 1458144
    st_mode = 0100644 
    st_nlink =    1
    st_uid = 0
    st_gid = 0
    st_rdev = 0
    st_size =         0
    st_blksize = 4096
    st_blocks = 0
    st_atime = 0x51934ce8
    st_mtime = 0x51934ce8
    st_ctime = 0x51934ce8

bb_getxattr(path = "/new_1", name = "security.capability", value = 0x00000000, size = 0)
    bb_fullpath:  rootdir = "/root/hsm_fuse/example/rootdir", path = "/new_1", fpath = "/root/hsm_fuse/example/rootdir/new_1"

bb_write(path="/new_1", buf=0x2ecad060, size=4, offset=0, fi=0x23ffee30)
    flags = 0x00008001
    fh_old = 0x00000033
    writepage = 0
    direct_io = 0
    keep_cache = 0
    fh = 0x0000000000000033
    lock_owner = 0x0000000000000000
    bb_fullpath:  rootdir = "/root/hsm_fuse/example/rootdir", path = "/new_1", fpath = "/root/hsm_fuse/example/rootdir/new_1"

bb_fsync(path="/new_1", datasync=0, fi=0x22ffce30)
    flags = 0x00000000
    fh_old = 0x00000033
    writepage = 0
    direct_io = 0
    keep_cache = 0
    fh = 0x0000000000000033
    lock_owner = 0x0000000000000000
    bb_fullpath:  rootdir = "/root/hsm_fuse/example/rootdir", path = "/new_1", fpath = "/root/hsm_fuse/example/rootdir/new_1"

bb_flush(path="/new_1", fi=0x237fde30)
    flags = 0x00000000
    fh_old = 0x00000033
    writepage = 0
    direct_io = 0
    keep_cache = 0
    fh = 0x0000000000000033
    lock_owner = 0x083ddf1a9bcf918c

bb_release(path="/new_1", fi=0x28b2de30)
    flags = 0x00008001
    fh_old = 0x00000033
    writepage = 0
    direct_io = 0
    keep_cache = 0
    fh = 0x0000000000000033
    lock_owner = 0x0000000000000000

bb_getxattr(path = "/.new_1.swp", name = "security.capability", value = 0x00000000, size = 0)
    bb_fullpath:  rootdir = "/root/hsm_fuse/example/rootdir", path = "/.new_1.swp", fpath = "/root/hsm_fuse/example/rootdir/.new_1.swp"

bb_write(path="/.new_1.swp", buf=0x2ec8b060, size=4096, offset=0, fi=0x237fde30)
    flags = 0x00028002
    fh_old = 0x0000002c
    writepage = 0
    direct_io = 0
    keep_cache = 0
    fh = 0x000000000000002c
    lock_owner = 0x0000000000000000
    bb_fullpath:  rootdir = "/root/hsm_fuse/example/rootdir", path = "/.new_1.swp", fpath = "/root/hsm_fuse/example/rootdir/.new_1.swp"

bb_flush(path="/.new_1.swp", fi=0x2932ee30)
    flags = 0x00000000
    fh_old = 0x0000002c
    writepage = 0
    direct_io = 0
    keep_cache = 0
    fh = 0x000000000000002c
    lock_owner = 0x083ddf1a9bcf918c

bb_release(path="/.new_1.swp", fi=0x28b2de30)
    flags = 0x00028002
    fh_old = 0x0000002c
    writepage = 0
    direct_io = 0
    keep_cache = 0
    fh = 0x000000000000002c
    lock_owner = 0x0000000000000000
    bb_fullpath:  rootdir = "/root/hsm_fuse/example/rootdir", path = "/.new_1.swp", fpath = "/root/hsm_fuse/example/rootdir/.new_1.swp"
bb_unlink(path="/.new_1.swp")
    bb_fullpath:  rootdir = "/root/hsm_fuse/example/rootdir", path = "/.new_1.swp", fpath = "/root/hsm_fuse/example/rootdir/.new_1.swp"
    bb_fullpath:  rootdir = "/root/hsm_fuse/example/rootdir", path = "/", fpath = "/root/hsm_fuse/example/rootdir/"
    bb_fullpath:  rootdir = "/root/hsm_fuse/example/rootdir", path = "/new_2", fpath = "/root/hsm_fuse/example/rootdir/new_2"
    ERROR bb_getattr lstat: No such file or directory
    bb_fullpath:  rootdir = "/root/hsm_fuse/example/rootdir", path = "/new_1", fpath = "/root/hsm_fuse/example/rootdir/new_1"
    bb_fullpath:  rootdir = "/root/hsm_fuse/example/rootdir", path = "/new_2", fpath = "/root/hsm_fuse/example/rootdir/new_2"
    ERROR bb_getattr lstat: No such file or directory
    bb_fullpath:  rootdir = "/root/hsm_fuse/example/rootdir", path = "/new_2", fpath = "/root/hsm_fuse/example/rootdir/new_2"
    ERROR bb_getattr lstat: No such file or directory

bb_rename(fpath="/new_1", newpath="/new_2")
    bb_fullpath:  rootdir = "/root/hsm_fuse/example/rootdir", path = "/new_1", fpath = "/root/hsm_fuse/example/rootdir/new_1"
    bb_fullpath:  rootdir = "/root/hsm_fuse/example/rootdir", path = "/new_2", fpath = "/root/hsm_fuse/example/rootdir/new_2"
    bb_fullpath:  rootdir = "/root/hsm_fuse/example/rootdir", path = "/", fpath = "/root/hsm_fuse/example/rootdir/"

bb_destroy(userdata=0x01466040)
